Flow report for muxk
Wed Sep 27 19:54:33 2017
Quartus II 64-Bit Version 9.1 Build 350 03/24/2010 Service Pack 2 SJ Full Version


---------------------
; Table of Contents ;
---------------------
  1. Legal Notice
  2. Flow Summary
  3. Flow Settings
  4. Flow Non-Default Global Settings
  5. Flow Elapsed Time
  6. Flow OS Summary
  7. Flow Log



----------------
; Legal Notice ;
----------------
Copyright (C) 1991-2010 Altera Corporation
Your use of Altera Corporation's design tools, logic functions 
and other software and tools, and its AMPP partner logic 
functions, and any output files from any of the foregoing 
(including device programming or simulation files), and any 
associated documentation or information are expressly subject 
to the terms and conditions of the Altera Program License 
Subscription Agreement, Altera MegaCore Function License 
Agreement, or other applicable license agreement, including, 
without limitation, that your use is for the sole purpose of 
programming logic devices manufactured by Altera and sold by 
Altera or its authorized distributors.  Please refer to the 
applicable agreement for further details.



+------------------------------------------------------------------------------------+
; Flow Summary                                                                       ;
+------------------------------------+-----------------------------------------------+
; Flow Status                        ; Successful - Wed Sep 27 19:54:33 2017         ;
; Quartus II 64-Bit Version          ; 9.1 Build 350 03/24/2010 SP 2 SJ Full Version ;
; Revision Name                      ; muxk                                          ;
; Top-level Entity Name              ; muxk                                          ;
; Family                             ; Cyclone II                                    ;
; Device                             ; EP2C8Q208C8                                   ;
; Timing Models                      ; Final                                         ;
; Met timing requirements            ; Yes                                           ;
; Total logic elements               ; 26 / 8,256 ( < 1 % )                          ;
;     Total combinational functions  ; 26 / 8,256 ( < 1 % )                          ;
;     Dedicated logic registers      ; 24 / 8,256 ( < 1 % )                          ;
; Total registers                    ; 24                                            ;
; Total pins                         ; 4 / 138 ( 3 % )                               ;
; Total virtual pins                 ; 0                                             ;
; Total memory bits                  ; 0 / 165,888 ( 0 % )                           ;
; Embedded Multiplier 9-bit elements ; 0 / 36 ( 0 % )                                ;
; Total PLLs                         ; 0 / 2 ( 0 % )                                 ;
+------------------------------------+-----------------------------------------------+


+-----------------------------------------+
; Flow Settings                           ;
+-------------------+---------------------+
; Option            ; Setting             ;
+-------------------+---------------------+
; Start date & time ; 09/27/2017 19:54:11 ;
; Main task         ; Compilation         ;
; Revision Name     ; muxk                ;
+-------------------+---------------------+


+---------------------------------------------------------------------------------------------------------------------+
; Flow Non-Default Global Settings                                                                                    ;
+------------------------------------+---------------------------------+---------------+-------------+----------------+
; Assignment Name                    ; Value                           ; Default Value ; Entity Name ; Section Id     ;
+------------------------------------+---------------------------------+---------------+-------------+----------------+
; COMPILER_SIGNATURE_ID              ; 172426270924847.150651325106792 ; --            ; --          ; --             ;
; MAX_CORE_JUNCTION_TEMP             ; 85                              ; --            ; --          ; --             ;
; MIN_CORE_JUNCTION_TEMP             ; 0                               ; --            ; --          ; --             ;
; PARTITION_COLOR                    ; 16764057                        ; --            ; --          ; Top            ;
; PARTITION_NETLIST_TYPE             ; SOURCE                          ; --            ; --          ; Top            ;
; USE_GENERATED_PHYSICAL_CONSTRAINTS ; Off                             ; --            ; --          ; eda_blast_fpga ;
+------------------------------------+---------------------------------+---------------+-------------+----------------+


+-----------------------------------------------------------------------------------------------------------------------------+
; Flow Elapsed Time                                                                                                           ;
+-------------------------+--------------+-------------------------+---------------------+------------------------------------+
; Module Name             ; Elapsed Time ; Average Processors Used ; Peak Virtual Memory ; Total CPU Time (on all processors) ;
+-------------------------+--------------+-------------------------+---------------------+------------------------------------+
; Analysis & Synthesis    ; 00:00:02     ; 1.0                     ; 262 MB              ; 00:00:02                           ;
; Fitter                  ; 00:00:06     ; 1.3                     ; 295 MB              ; 00:00:05                           ;
; Assembler               ; 00:00:02     ; 1.0                     ; 243 MB              ; 00:00:02                           ;
; Classic Timing Analyzer ; 00:00:01     ; 1.0                     ; 194 MB              ; 00:00:00                           ;
; Total                   ; 00:00:11     ; --                      ; --                  ; 00:00:09                           ;
+-------------------------+--------------+-------------------------+---------------------+------------------------------------+


+------------------------------------------------------------------------------------------+
; Flow OS Summary                                                                          ;
+-------------------------+------------------+---------------+------------+----------------+
; Module Name             ; Machine Hostname ; OS Name       ; OS Version ; Processor type ;
+-------------------------+------------------+---------------+------------+----------------+
; Analysis & Synthesis    ; life-PC          ; Windows Vista ; 6.1        ; x86_64         ;
; Fitter                  ; life-PC          ; Windows Vista ; 6.1        ; x86_64         ;
; Assembler               ; life-PC          ; Windows Vista ; 6.1        ; x86_64         ;
; Classic Timing Analyzer ; life-PC          ; Windows Vista ; 6.1        ; x86_64         ;
+-------------------------+------------------+---------------+------------+----------------+


------------
; Flow Log ;
------------
quartus_map --read_settings_files=on --write_settings_files=off muxk -c muxk
quartus_fit --read_settings_files=off --write_settings_files=off muxk -c muxk
quartus_asm --read_settings_files=off --write_settings_files=off muxk -c muxk
quartus_tan --read_settings_files=off --write_settings_files=off muxk -c muxk --timing_analysis_only



