C51 COMPILER V9.56.0.0   BSP_KEY                                                           12/20/2016 19:37:17 PAGE 1   


C51 COMPILER V9.56.0.0, COMPILATION OF MODULE BSP_KEY
OBJECT MODULE PLACED IN ..\Output\bsp_key.obj
COMPILER INVOKED BY: D:\program Files\C51\BIN\C51.EXE ..\User\bsp_key.c OPTIMIZE(8,SPEED) BROWSE INCDIR(..\User) DEBUG O
                    -BJECTEXTEND PRINT(..\Listing\bsp_key.lst) TABS(8) OBJECT(..\Output\bsp_key.obj)

line level    source

   1          #include "bsp_key.h" 
   2          #include "bsp_delay.h" 
   3          
   4          sbit s3 = P3^5;
   5          
   6          extern u8 num;
   7          
   8          void key_scan()
   9          {
  10   1              if(0 == s3)
  11   1              {
  12   2                      // 按键消抖
  13   2                      delay_ms(1);
  14   2                      if(0 == s3)
  15   2                      {
  16   3                              if(num < 9)
  17   3                                      num = num+1;
  18   3                      }
  19   2                      
  20   2                      // 松手检测
  21   2                      while(0 == s3);
  22   2                      
  23   2              }
  24   1              
  25   1      }


MODULE INFORMATION:   STATIC OVERLAYABLE
   CODE SIZE        =     24    ----
   CONSTANT SIZE    =   ----    ----
   XDATA SIZE       =   ----    ----
   PDATA SIZE       =   ----    ----
   DATA SIZE        =   ----    ----
   IDATA SIZE       =   ----    ----
   BIT SIZE         =   ----    ----
END OF MODULE INFORMATION.


C51 COMPILATION COMPLETE.  0 WARNING(S),  0 ERROR(S)
