C51 COMPILER V9.56.0.0   MAIN                                                              12/20/2016 19:40:13 PAGE 1   


C51 COMPILER V9.56.0.0, COMPILATION OF MODULE MAIN
OBJECT MODULE PLACED IN ..\Output\main.obj
COMPILER INVOKED BY: D:\program Files\C51\BIN\C51.EXE ..\User\main.c OPTIMIZE(8,SPEED) BROWSE INCDIR(..\User) DEBUG OBJE
                    -CTEXTEND PRINT(..\Listing\main.lst) TABS(8) OBJECT(..\Output\main.obj)

line level    source

   1          #include <reg51.h>
   2          #include "bsp_delay.h"
   3          #include "bsp_key.h"
   4          
   5          
   6          #define u32 unsigned int 
   7          #define u8 unsigned char 
   8          
   9          u8 num = 0;
  10           
  11          u8 table[]={
  12          0x3f,0x06,0x5b,0x4f,
  13          0x66,0x6d,0x7d,0x07,
  14          0x7f,0x6f,0x77,};
  15          
  16          void main()
  17          {
  18   1              IT0=1;
  19   1              EA=1;
  20   1              EX0=1;
  21   1              while(1)
  22   1              {
  23   2                      P0=~table[num];
  24   2              }
  25   1      }
  26          
  27          
  28          
  29          void exter0() interrupt 0
  30          {
  31   1              key_scan();
  32   1      }
  33          


MODULE INFORMATION:   STATIC OVERLAYABLE
   CODE SIZE        =     76    ----
   CONSTANT SIZE    =   ----    ----
   XDATA SIZE       =   ----    ----
   PDATA SIZE       =   ----    ----
   DATA SIZE        =     12    ----
   IDATA SIZE       =   ----    ----
   BIT SIZE         =   ----    ----
END OF MODULE INFORMATION.


C51 COMPILATION COMPLETE.  0 WARNING(S),  0 ERROR(S)
