C51 COMPILER V9.56.0.0   MAIN                                                              02/07/2018 23:14:57 PAGE 1   


C51 COMPILER V9.56.0.0, COMPILATION OF MODULE MAIN
OBJECT MODULE PLACED IN ..\Output\main.obj
COMPILER INVOKED BY: D:\Program Files\AT89C51\C51\BIN\C51.EXE ..\User\main.c OPTIMIZE(8,SPEED) BROWSE INCDIR(..\User) DE
                    -BUG OBJECTEXTEND PRINT(..\Listing\main.lst) TABS(8) OBJECT(..\Output\main.obj)

line level    source

   1          #include <REG52.H>      
   2          #include <INTRINS.H>      
   3          //本例采用89C52, 晶振为11.0592MHZ      
   4          //关于如何编制音乐代码, 其实十分简单,各位可以看以下代码.      
   5          //频率常数即音乐术语中的音调,而节拍常数即音乐术语中的多少拍;      
   6          //所以拿出谱子, 试探编吧!      
   7            
   8          sbit GPIO_Beep =  P1^5 ;   
   9          unsigned char g_beat = 0;  //节拍常数变量       
  10               
  11          //unsigned char code music_tab[] ={     
  12          //0x18, 0x30, 0x1C , 0x10, //格式为: 频率常数, 节拍常数, 频率常数, 节拍常数,      
  13          //0x20, 0x40, 0x1C , 0x10,     
  14          //0x18, 0x10, 0x20 , 0x10,     
  15          //0x1C, 0x10, 0x18 , 0x40,     
  16          //0x1C, 0x20, 0x20 , 0x20,     
  17          //0x1C, 0x20, 0x18 , 0x20,     
  18          //0x20, 0x80, 0xFF , 0x20,     
  19          //0x30, 0x1C, 0x10 , 0x18,     
  20          //0x20, 0x15, 0x20 , 0x1C,     
  21          //0x20, 0x20, 0x20 , 0x26,     
  22          //0x40, 0x20, 0x20 , 0x2B,     
  23          //0x20, 0x26, 0x20 , 0x20,     
  24          //0x20, 0x30, 0x80 , 0xFF,     
  25          //0x20, 0x20, 0x1C , 0x10,     
  26          //0x18, 0x10, 0x20 , 0x20,     
  27          //0x26, 0x20, 0x2B , 0x20,     
  28          //0x30, 0x20, 0x2B , 0x40,     
  29          //0x20, 0x20, 0x1C , 0x10,     
  30          //0x18, 0x10, 0x20 , 0x20,     
  31          //0x26, 0x20, 0x2B , 0x20,     
  32          //0x30, 0x20, 0x2B , 0x40,     
  33          //0x20, 0x30, 0x1C , 0x10,     
  34          //0x18, 0x20, 0x15 , 0x20,     
  35          //0x1C, 0x20, 0x20 , 0x20,     
  36          //0x26, 0x40, 0x20 , 0x20,     
  37          //0x2B, 0x20, 0x26 , 0x20,     
  38          //0x20, 0x20, 0x30 , 0x80,     
  39          //0x20, 0x30, 0x1C , 0x10,     
  40          //0x20, 0x10, 0x1C , 0x10,     
  41          //0x20, 0x20, 0x26 , 0x20,     
  42          //0x2B, 0x20, 0x30 , 0x20,     
  43          //0x2B, 0x40, 0x20 , 0x15,     
  44          //0x1F, 0x05, 0x20 , 0x10,     
  45          //0x1C, 0x10, 0x20 , 0x20,     
  46          //0x26, 0x20, 0x2B , 0x20,     
  47          //0x30, 0x20, 0x2B , 0x40,     
  48          //0x20, 0x30, 0x1C , 0x10,     
  49          //0x18, 0x20, 0x15 , 0x20,     
  50          //0x1C, 0x20, 0x20 , 0x20,     
  51          //0x26, 0x40, 0x20 , 0x20,     
  52          //0x2B, 0x20, 0x26 , 0x20,     
  53          //0x20, 0x20, 0x30 , 0x30,     
  54          //0x20, 0x30, 0x1C , 0x10,     
C51 COMPILER V9.56.0.0   MAIN                                                              02/07/2018 23:14:57 PAGE 2   

  55          //0x18, 0x40, 0x1C , 0x20,     
  56          //0x20, 0x20, 0x26 , 0x40,     
  57          //0x13, 0x60, 0x18 , 0x20,     
  58          //0x15, 0x40, 0x13 , 0x40,     
  59          //0x18, 0x80, 0x00     
  60          //};     
  61            
  62          unsigned char code music_tab[]={0xff,
  63                              0x24,0x20,0x18,0x20,0x18,0x20,0x18,0x20,0x18,0x40,0x19,0x40,0x1c,0x20,
  64                              0x19,0x20,0x1c,0x20,0x20,0x20,0x24,0x80,0x24,0x20,0x12,0x20,0x12,0x20,
  65                              0x12,0x20,0x12,0x40,0x13,0x40,0x18,0x20,0x13,0x20,0x13,0x20,0x15,0x20,
  66                              0x18,0x80,0x00,
  67                             };
  68          
  69              
  70          void int0()  interrupt 1   //采用中断0 控制节拍      
  71          {  
  72   1          TH0 = 0xd8;     
  73   1          TL0 = 0xef;     
  74   1          g_beat--;     
  75   1      }  
  76            
  77          void AudioFrequencyDelay (unsigned char m)   //控制频率延时      
  78          {     
  79   1          unsigned i=3*m;     
  80   1          while(--i);     
  81   1      }   
  82            
  83          void BeepTone(unsigned char tone, unsigned char beat)     
  84          {  
  85   1          g_beat = beat;  
  86   1          TR0 = 1;  //开定时器1      
  87   1          while(g_beat != 0) //等待节拍完成, 通过P1口输出音频(可多声道哦!)   
  88   1          {  
  89   2              GPIO_Beep = ~GPIO_Beep;  
  90   2              AudioFrequencyDelay(tone);  
  91   2          }  
  92   1          TR0 = 0;   //关定时器1  
  93   1      }  
  94               
  95            
  96          void Delay10ms(unsigned int c)   //误差 0us  
  97          {  
  98   1          unsigned char a, b;  
  99   1        
 100   1          //--c已经在传递过来的时候已经赋值了，所以在for语句第一句就不用赋值了--//  
 101   1          for (;c>0;c--)  
 102   1          {  
 103   2              for (b=38;b>0;b--)  
 104   2              {  
 105   3                  for (a=130;a>0;a--);  
 106   3              }  
 107   2                   
 108   2          }         
 109   1      }  
 110             
 111            
 112          void InitTimer0()  
 113          {  
 114   1          TMOD = 0x01; //选择16位计数器  
 115   1          TH0 = 0xd8;  //(65535 - 10000) / 256  
 116   1          TL0 = 0xef;  //(65535 - 10000) % 256  
C51 COMPILER V9.56.0.0   MAIN                                                              02/07/2018 23:14:57 PAGE 3   

 117   1        
 118   1          IE=0x82;   //允许定时器T0中断和总中断  
 119   1      }  
 120            
 121          void PlaySong()  
 122          {  
 123   1          unsigned char i=0;  
 124   1          unsigned char tmpTone = 0;  
 125   1        
 126   1          while(1)     
 127   1          {  
 128   2              tmpTone = music_tab[i];   
 129   2              if(tmpTone == 0x00)  //如果碰到结束符  
 130   2              {  
 131   3                  return;  
 132   3              }         
 133   2              else if(tmpTone == 0xff)  //若碰到休止符,延时100ms,继续取下一音符  
 134   2              {   
 135   3                  ++i;  
 136   3                  Delay10ms(10),  
 137   3                  TR0=0;   
 138   3                  continue;  
 139   3              }        
 140   2              else   
 141   2              {  
 142   3                  unsigned char tone, beat;  
 143   3                  tone = music_tab[i++];  
 144   3                  beat = music_tab[i++];  
 145   3                  BeepTone(tone, beat);     
 146   3              }  
 147   2          }     
 148   1      }  
 149            
 150            
 151               
 152          void main()     
 153          {  
 154   1          InitTimer0();  
 155   1          while(1)     
 156   1          {  
 157   2              PlaySong();  
 158   2              Delay10ms(300);   
 159   2          }     
 160   1      }    


MODULE INFORMATION:   STATIC OVERLAYABLE
   CODE SIZE        =    153    ----
   CONSTANT SIZE    =     46    ----
   XDATA SIZE       =   ----    ----
   PDATA SIZE       =   ----    ----
   DATA SIZE        =      1       2
   IDATA SIZE       =   ----    ----
   BIT SIZE         =   ----    ----
END OF MODULE INFORMATION.


C51 COMPILATION COMPLETE.  0 WARNING(S),  0 ERROR(S)
