C51 COMPILER V9.56.0.0   MAIN                                                              05/04/2018 18:22:25 PAGE 1   


C51 COMPILER V9.56.0.0, COMPILATION OF MODULE MAIN
OBJECT MODULE PLACED IN ..\Output\main.obj
COMPILER INVOKED BY: D:\Program Files\AT89C51\C51\BIN\C51.EXE ..\User\main.c OPTIMIZE(8,SPEED) BROWSE INCDIR(..\User) DE
                    -BUG OBJECTEXTEND PRINT(..\Listing\main.lst) TABS(8) OBJECT(..\Output\main.obj)

line level    source

   1          #include "reg52.h"
   2          
   3          unsigned char code DSY_CODE[]= {0xc0,0xf9,0xa4,0xb0,0x99,0x92,0x82,0xf8,0x80,0x90};
   4          
   5          unsigned char NUM[4] = {8,0,2,3};              //学号
   6          unsigned int Counter = 0;                       //计数器
   7          sbit key=P3^2;
   8          unsigned char location=0;
   9          void Delay(int MS);
  10          //外部中断0服务函数
  11          void EX_INT0() interrupt 0             //外部中断0服务函数
  12          {
  13   1              location=1;
  14   1              if(key==0)
  15   1              {
  16   2                      Delay(10);
  17   2                      if(key==0)
  18   2                      {
  19   3                               Counter++;                                  //当检测到外部中断0时，计数器加1
  20   3                              if(Counter >=10)
  21   3                              {
  22   4                                Counter = 0;                                                //计数到9则返回
  23   4                              }
  24   3                      }
  25   2              }
  26   1       
  27   1      }
  28          
  29          //外部中断0初始化函数
  30          void initINT0(void)
  31          {
  32   1        IT0 = 1;        //设置外部中断0为边沿触发方式
  33   1        EX0 = 1;      //使能外部中断0
  34   1        EA = 1;       //使能中断事件
  35   1      }
  36          //延时函数
  37          void Delay(int MS)      
  38          { 
  39   1              unsigned int i,j;
  40   1              for(i = 0;i < MS;i++)
  41   1              for(j = 0;j <2000;j++) ;
  42   1      }
  43          
  44          int main(void)
  45          {
  46   1        unsigned char i;
  47   1        initINT0();           //初始化外部中断
  48   1              P0=0x00;
  49   1              while(1)
  50   1              {
  51   2                      if(location!=0)
  52   2                      {
  53   3                              P0 =~DSY_CODE[Counter];
  54   3                              for(i = 0;i < 4;i++)
C51 COMPILER V9.56.0.0   MAIN                                                              05/04/2018 18:22:25 PAGE 2   

  55   3                              {
  56   4                                      P1&= 0xf8; //1111 1000
  57   4                                      P1|= i;   //xxxx x001
  58   4                                      P2 = ~DSY_CODE[NUM[i]];
  59   4                                      Delay(1); 
  60   4                              }
  61   3                      }
  62   2              }
  63   1      }


MODULE INFORMATION:   STATIC OVERLAYABLE
   CODE SIZE        =    197    ----
   CONSTANT SIZE    =     10    ----
   XDATA SIZE       =   ----    ----
   PDATA SIZE       =   ----    ----
   DATA SIZE        =      7    ----
   IDATA SIZE       =   ----    ----
   BIT SIZE         =   ----    ----
END OF MODULE INFORMATION.


C51 COMPILATION COMPLETE.  0 WARNING(S),  0 ERROR(S)
