C51 COMPILER V9.56.0.0   MAIN                                                              04/23/2018 22:16:04 PAGE 1   


C51 COMPILER V9.56.0.0, COMPILATION OF MODULE MAIN
OBJECT MODULE PLACED IN ..\Output\main.obj
COMPILER INVOKED BY: D:\Program Files\AT89C51\C51\BIN\C51.EXE ..\User\main.c OPTIMIZE(8,SPEED) BROWSE INCDIR(..\User) DE
                    -BUG OBJECTEXTEND PRINT(..\Listing\main.lst) TABS(8) OBJECT(..\Output\main.obj)

line level    source

   1          #include <reg52.h>
   2          #define u8  unsigned char
   3          #define u16 unsigned short
   4          #define u32 unsigned long
   5          
   6          sbit key1=P2^7;
   7          sbit key2=P2^6;
   8          
   9          u8 SegCode[10] = {0x3F, 0x06, 0x5B, 0x4F, 0x66, 0x6D, 0x7D, 0x07, 0x7F, 0x6F};  // 段选低电平有效
  10          u8 Num1[4]={7,7,2,3};//改成自己的学号
  11          u8 Num2[4]={8,3,2,3};//改成自己的学号
  12          
  13          void delay( u16 t);
  14          u8  key_contraol(void);
  15          
  16          void main(void)
  17          {
  18   1              u8 i=0;
  19   1              u8 key_flag=0;
  20   1              P0=0x00;
  21   1              while(1)
  22   1              {
  23   2                      key_flag=key_contraol();
  24   2                      for(i=0;i<4;i++)
  25   2                      {
  26   3                              P1&=0xf8; //1111 1000
  27   3                              P1|=i;   //xxxx x001
  28   3                              if(key_flag ==1)
  29   3                              {
  30   4                                      P0=SegCode[Num1[i]];
  31   4                              }
  32   3                              if (key_flag==2)
  33   3                              {
  34   4                                  P0=SegCode[Num2[i]];
  35   4                              }
  36   3                              delay(1);
  37   3                              P0=0x00;//消隐
  38   3                               
  39   3                      }
  40   2              }
  41   1      
  42   1      }
  43          void delay( u16 t)
  44          {
  45   1              u16 i,j;
  46   1              for(i=0;i<t;i++)
  47   1                      for(j=0;j<100;j++);
  48   1      }
  49          
  50          u8  key_contraol(void)
  51          {
  52   1              u8 key ;
  53   1              if(key1==0)
  54   1              {
C51 COMPILER V9.56.0.0   MAIN                                                              04/23/2018 22:16:04 PAGE 2   

  55   2                      delay(5)  ;
  56   2                      if(key1==0)
  57   2                      {
  58   3                                key=2;
  59   3                      }
  60   2              }
  61   1              if(key2==0)
  62   1              {
  63   2                      delay(5)  ;
  64   2                      if(key2==0)
  65   2                      {
  66   3                                key=1;
  67   3                      }
  68   2              }
  69   1      return key;
  70   1      }


MODULE INFORMATION:   STATIC OVERLAYABLE
   CODE SIZE        =    142    ----
   CONSTANT SIZE    =   ----    ----
   XDATA SIZE       =   ----    ----
   PDATA SIZE       =   ----    ----
   DATA SIZE        =     18       2
   IDATA SIZE       =   ----    ----
   BIT SIZE         =   ----    ----
END OF MODULE INFORMATION.


C51 COMPILATION COMPLETE.  0 WARNING(S),  0 ERROR(S)
