C51 COMPILER V9.56.0.0   MAIN                                                              08/19/2017 20:12:14 PAGE 1   


C51 COMPILER V9.56.0.0, COMPILATION OF MODULE MAIN
OBJECT MODULE PLACED IN ..\Output\main.obj
COMPILER INVOKED BY: D:\Program Files\AT89C51\C51\BIN\C51.EXE ..\User\main.c OPTIMIZE(8,SPEED) BROWSE INCDIR(..\User) DE
                    -BUG OBJECTEXTEND PRINT(..\Listing\main.lst) TABS(8) OBJECT(..\Output\main.obj)

line level    source

   1          #include <reg51.h>
   2          #include "bsp_delay.h"
   3          #include "bsp_key.h"
   4          
   5          #define u16 unsigned int 
   6          #define u8 unsigned char 
   7                  
   8          // MVC Model View Control
   9                  
  10          sbit K2 = P2^2;
  11          sbit K3 = P2^3;
  12          sbit K4 = P2^4;
  13          sbit K5 = P2^0;
  14          sbit K1 = P2^1;
  15          sbit BUZ = P3^7;
  16          
  17          u8 i,j,wei=0;
  18          
  19          u8 flag=0;//0常亮 正常显示 1设置 2闹钟
  20          
  21          void time(void);
  22          
  23          number[]={2,3,5,9,5,0};  //这里需要定义类型 但不知道为什么定义u8就跑不动
  24                                  //不定义反而没问题
  25          nao[]={0,0,0,0};
  26          
  27          unsigned  char selected[]={0x02,0x04,0x08,0x10,0x20,0x40,0x80};//位选数组高电平有效
  28          
  29          unsigned  char table[]={0x3f,0x06,0x5b,0x4f,0x66,0x6d,0x7d,0x07,0x7f,0x6f};//段选数组高电平有效
  30          
  31          void main()
  32          {
  33   1              TMOD=0x01; //确定定时器方式
  34   1              TH0=0x0b;       //赋初值
  35   1              TL0=0xdc;
  36   1              TR0=1;           //开定时器
  37   1              IE = 0x83;
  38   1              while(1)
  39   1              {       
  40   2                      
  41   2                      if (2!=flag)
  42   2                      {
  43   3                              
  44   3                              for (j=0;j<10;j++)//进行10次正常显示的循环
  45   3                              {
  46   4                                      for(i=0;i<6;i++)//循环6位
  47   4                                      { 
  48   5                                              P1 = ~selected[i];
  49   5                                              if (i==1||i==3)//加小数点
  50   5                                              {
  51   6                                                      P0 = table[number[i]]|0x80;
  52   6                                                      delay_ms(1);
  53   6                                              }
  54   5                                              else
C51 COMPILER V9.56.0.0   MAIN                                                              08/19/2017 20:12:14 PAGE 2   

  55   5                                              {
  56   6                                                      P0 = table[number[i]];
  57   6                                                      delay_ms(1);
  58   6                                              }
  59   5      
  60   5                                      }
  61   4                              }
  62   3                              if (1==flag)//判断闪烁状态为设置界面
  63   3                              {
  64   4                                      for(j=0;j<10;j++)//进行非正常10次扫描循环
  65   4                                      {
  66   5                                              for(i=0;i<6;i++)
  67   5                                              {
  68   6                                                      if(wei==i)
  69   6                                                      {
  70   7                                                              P1=0xff;
  71   7                                                      }
  72   6                                                      else
  73   6                                                      {
  74   7                                                              P1 = ~selected[i];
  75   7                                                              if (i==1||i==3)//加小数点
  76   7                                                              {
  77   8                                                                      P0 = table[number[i]]|0x80;
  78   8                                                              }
  79   7                                                              else
  80   7                                                              {
  81   8                                                                      P0 = table[number[i]];
  82   8                                                              }
  83   7                                                      }
  84   6                                                      delay_ms(10);
  85   6                                                      
  86   6                                              }
  87   5                                              
  88   5                                      }
  89   4                              }
  90   3                      }
  91   2                      else if (2==flag)
  92   2                      {
  93   3                              
  94   3                              for (j=0;j<10;j++)//进行10次正常显示的循环
  95   3                              {
  96   4                                      for(i=0;i<4;i++)//循环4位
  97   4                                      { 
  98   5                                              P1 = ~selected[i];
  99   5                                              if (i==1||i==3)//加小数点
 100   5                                              {
 101   6                                                      P0 = table[nao[i]]|0x80;
 102   6                                                      delay_ms(1);
 103   6                                              }
 104   5                                              else
 105   5                                              {
 106   6                                                      P0 = table[nao[i]];
 107   6                                                      delay_ms(1);
 108   6                                              }
 109   5      
 110   5                                      }
 111   4                              }
 112   3                              
 113   3                              for(j=0;j<10;j++)//进行非正常10次扫描循环
 114   3                              {
 115   4                                      for(i=0;i<4;i++)//循环四位
 116   4                                      {
C51 COMPILER V9.56.0.0   MAIN                                                              08/19/2017 20:12:14 PAGE 3   

 117   5                                              if(wei==i)
 118   5                                              {
 119   6                                                      P1=0xff;
 120   6                                              }
 121   5                                              else
 122   5                                              {
 123   6                                                      P1 = ~selected[i];
 124   6                                                      if (i==1||i==3)//加小数点
 125   6                                                      {
 126   7                                                              P0 = table[nao[i]]|0x80;
 127   7                                                      }
 128   6                                                      else
 129   6                                                      {
 130   7                                                              P0 = table[nao[i]];
 131   7                                                      }
 132   6                                              }
 133   5                                              delay_ms(10);
 134   5                                              
 135   5                                      }
 136   4                                      
 137   4                              }
 138   3                      }
 139   2              }
 140   1      }
 141          
 142          void INTO_Handler() interrupt 0  //外部中断
 143          {
 144   1              
 145   1              key_scan();
 146   1      }
 147          
 148          void TIM0_Handler() interrupt 1
 149          {
 150   1              unsigned char a;
 151   1              TR0=0;
 152   1              TH0=0x0b;
 153   1              TL0=0xdc;
 154   1              TR0=1;
 155   1              a+=1;
 156   1              if (a>=16)
 157   1              {
 158   2                      a=0;
 159   2                      time();
 160   2              }
 161   1      }
 162          
 163          
 164          void time()
 165          {
 166   1              number[5]++;            //每次都给秒针加1  当满足相应的条件就进位
 167   1              if(number[5]>9)
 168   1              {
 169   2                      number[5]=0;
 170   2                      number[4]++;
 171   2                      if(number[4]>5)
 172   2                      {
 173   3                              number[4]=0;
 174   3                              number[3]++;
 175   3                              if(number[3]>9)
 176   3                              {
 177   4                                      number[3]=0;
 178   4                                      number[2]++;
C51 COMPILER V9.56.0.0   MAIN                                                              08/19/2017 20:12:14 PAGE 4   

 179   4                                      if(number[2]>5)
 180   4                                      {
 181   5                                              number[2]=0;
 182   5                                              number[1]++;
 183   5                                              if(number[0]<2 && number[1]>9)
 184   5                                              {
 185   6                                                      number[1]=0;
 186   6                                                      number[0]++;
 187   6                                              }
 188   5                                              else if (number[0]==2&&number[1]>3)
 189   5                                              {
 190   6                                                      number[1]=0;
 191   6                                                      number[0]=0;
 192   6                                              }
 193   5                                      }
 194   4                              }
 195   3                      }
 196   2              }
 197   1      
 198   1              if(number[0]==nao[0] && number[1]==nao[1] && number[2]==nao[2] && number[3]==nao[3])
 199   1              {
 200   2                      BUZ=1;          //当闹钟的前四位和时间的前四位相同时开启蜂鸣器
 201   2              }
 202   1              else
 203   1              {
 204   2                      BUZ=0;
 205   2              }
 206   1      
 207   1      }


MODULE INFORMATION:   STATIC OVERLAYABLE
   CODE SIZE        =    756    ----
   CONSTANT SIZE    =   ----    ----
   XDATA SIZE       =   ----    ----
   PDATA SIZE       =   ----    ----
   DATA SIZE        =     41       1
   IDATA SIZE       =   ----    ----
   BIT SIZE         =   ----    ----
END OF MODULE INFORMATION.


C51 COMPILATION COMPLETE.  0 WARNING(S),  0 ERROR(S)
