C51 COMPILER V9.56.0.0   BSP_DELAY                                                         02/06/2018 19:15:45 PAGE 1   


C51 COMPILER V9.56.0.0, COMPILATION OF MODULE BSP_DELAY
OBJECT MODULE PLACED IN ..\Output\bsp_delay.obj
COMPILER INVOKED BY: D:\Program Files\AT89C51\C51\BIN\C51.EXE ..\User\bsp_delay.c OPTIMIZE(8,SPEED) BROWSE INCDIR(..\Use
                    -r) DEBUG OBJECTEXTEND PRINT(..\Listing\bsp_delay.lst) TABS(8) OBJECT(..\Output\bsp_delay.obj)

line level    source

   1          #include "bsp_delay.h" 
*** ERROR C141 IN LINE 7 OF ..\User\bsp_delay.h: syntax error near 'ms', expected ')'
   2          #include <reg52.h>
   3          
   4          void delay(u8 ms)
   5          {
   6   1              u32 temp;
   7   1      
   8   1              for( ; ms > 0; ms--)
   9   1              {
  10   2                      for(temp = 100; temp > 0; temp--);
  11   2              }
  12   1      }

C51 COMPILATION COMPLETE.  0 WARNING(S),  1 ERROR(S)
