C51 COMPILER V9.56.0.0   MAIN                                                              02/07/2018 21:25:36 PAGE 1   


C51 COMPILER V9.56.0.0, COMPILATION OF MODULE MAIN
OBJECT MODULE PLACED IN ..\Output\main.obj
COMPILER INVOKED BY: D:\Program Files\AT89C51\C51\BIN\C51.EXE ..\User\main.c OPTIMIZE(8,SPEED) BROWSE INCDIR(..\User) DE
                    -BUG OBJECTEXTEND PRINT(..\Listing\main.lst) TABS(8) OBJECT(..\Output\main.obj)

line level    source

   1          #include <reg52.h>
   2          
   3          sbit mode_select = P1^0;
   4          sbit led=P1^4;
   5          sbit led_R=P1^1;
   6          sbit led_G=P1^2;
   7          sbit led_B=P1^3;
   8          
   9          #define open  'o'
  10          #define close 'c'
  11          
  12          void delay(u8 ms);
  13          
  14          void main()
  15          {
  16   1              char signal  = ' ';
  17   1              
  18   1              IE=0x98;
  19   1              TMOD=0x20;
  20   1              TH1 = 0xfd; 
  21   1              TL1 = 0xfd;
  22   1              TR1=1;
  23   1              PCON = 0x00;  //波特率不加倍为9600
  24   1              SCON = 0x40;  //工作在方式1
  25   1              
  26   1              
  27   1              while(1)
  28   1              {
  29   2                      if(mode_select == 1)      // 选择位为高电平为发送机
  30   2                      {
  31   3                              
  32   3                              TI = 0;
  33   3                              
  34   3                              if(led_R==1)
  35   3                              {
  36   4                                      SBUF='R';
  37   4                                      while(TI == 0);                 // 等待发送完成
  38   4                                      TI = 0;                         // 清除发送标志
  39   4                                      delay(500);
  40   4                              }
  41   3                              else if(led_R==0)
  42   3                              {
  43   4                                      SBUF='r';
  44   4                                      while(TI == 0);                 // 等待发送完成
  45   4                                      TI = 0;                         // 清除发送标志
  46   4                                      delay(500);
  47   4                              }
  48   3                              if(led_G==1)
  49   3                              {
  50   4                                      SBUF='G';
  51   4                                      while(TI == 0);                 // 等待发送完成
  52   4                                      TI = 0;                         // 清除发送标志
  53   4                                      delay(500);
  54   4                              }
C51 COMPILER V9.56.0.0   MAIN                                                              02/07/2018 21:25:36 PAGE 2   

  55   3                             else if(led_G==0)
  56   3                              {
  57   4                                      SBUF='g';
  58   4                                      while(TI == 0);                 // 等待发送完成
  59   4                                      TI = 0;                         // 清除发送标志
  60   4                                      delay(500);
  61   4                              }
  62   3                               if(led_B==1)
  63   3                              {
  64   4                                      SBUF='B';
  65   4                                      while(TI == 0);                 // 等待发送完成
  66   4                                      TI = 0;                         // 清除发送标志
  67   4                                      delay(500);
  68   4                              }
  69   3                             else if(led_B==0)
  70   3                              {
  71   4                                      SBUF='b';
  72   4                                      while(TI == 0);                 // 等待发送完成
  73   4                                      TI = 0;                         // 清除发送标志
  74   4                                      delay(500);
  75   4                              }
  76   3                              
  77   3                              
  78   3                              
  79   3                      }
  80   2                      else                         // 选择位为高电平为接收机
  81   2                      {
  82   3                              SCON = 0x50;
  83   3                              RI = 0;
  84   3                              if(RI)
  85   3                              {
  86   4                                      signal =SBUF;
  87   4                                      RI = 0;
  88   4                                      delay(10);
  89   4                              }
  90   3                              if(signal == open)
  91   3                              {
  92   4                                      led=0;
  93   4                              }
  94   3                              else if(signal == close)
  95   3                              {
  96   4                                      led=1;
  97   4                              }
  98   3                      }
  99   2              }
 100   1      
 101   1      }
 102          
 103          void delay(u8 ms)
 104          {
 105   1              u32 temp;
 106   1      
 107   1              for( ; ms > 0; ms--)
 108   1              {
 109   2                      for(temp = 100; temp > 0; temp--);
 110   2              }
 111   1      }
 112          


MODULE INFORMATION:   STATIC OVERLAYABLE
   CODE SIZE        =    209    ----
C51 COMPILER V9.56.0.0   MAIN                                                              02/07/2018 21:25:36 PAGE 3   

   CONSTANT SIZE    =   ----    ----
   XDATA SIZE       =   ----    ----
   PDATA SIZE       =   ----    ----
   DATA SIZE        =   ----       6
   IDATA SIZE       =   ----    ----
   BIT SIZE         =   ----    ----
END OF MODULE INFORMATION.


C51 COMPILATION COMPLETE.  0 WARNING(S),  0 ERROR(S)
