C51 COMPILER V9.56.0.0   MAIN                                                              01/22/2018 20:11:10 PAGE 1   


C51 COMPILER V9.56.0.0, COMPILATION OF MODULE MAIN
OBJECT MODULE PLACED IN ..\Output\main.obj
COMPILER INVOKED BY: D:\Program Files\AT89C51\C51\BIN\C51.EXE ..\User\main.c OPTIMIZE(8,SPEED) BROWSE INCDIR(..\User) DE
                    -BUG OBJECTEXTEND PRINT(..\Listing\main.lst) TABS(8) OBJECT(..\Output\main.obj)

line level    source

   1          #include <reg52.h>
   2          #include "bsp_key.h"
   3          #include "bsp_delay.h"
   4          
   5          
   6          sbit MA = P2^0; 
   7          sbit MB = P2^7; //电机的两个引脚 A 相和 B 相
   8          
   9          u8 shi=5,ge=0,duty_A=0,duty_B=1,i=0,location=50;
  10          
  11          /**  变量的定义
  12           *  @param shi       数码管显示占空比的十位 
  13           *  @param ge        数码管显示占空比的个位
  14           *  @param duty_A    A 相的电平状态 
  15           *  @param duty_B    B 相的电平状态
  16           *  @param i         定时器的计数值 PWM 波的周期
  17           *  @param location  占空比的值
  18          **/
  19          
  20          unsigned  char table[]={0x3f,0x06,0x5b,0x4f,0x66,0x6d,
  21                                  0x7d,0x07,0x7f,0x6f};//段选数组高电平有效  共阴数码管
  22          unsigned  char wei[]={0xff,0xfd,0xfe};  //位选数组（只用了两位就只写的三个）
  23          
  24          void main()
  25          {
  26   1              
  27   1              TMOD=0x01;      //确定定时器方式
  28   1              TH0=0xFC;       //赋初值
  29   1              TL0=0x18;       //赋初值
  30   1              TR0=1;          //开定时器
  31   1              IE = 0x83;      //使能外部中断0是定时器溢出中断0
  32   1              
  33   1              
  34   1              while(1)
  35   1              {
  36   2                      MA=duty_A;      //将电平的值赋给具体的引脚
  37   2                      MB=duty_B;      //将电平的值赋给具体的引脚
  38   2                      
  39   2                      P1=wei[1];      //动态扫描位选
  40   2                      P0=table[shi];  //动态扫描段选
  41   2                      delay(10);
  42   2                  
  43   2                      P1=wei[2];
  44   2                      P0=table[ge];
  45   2                      delay(10);
  46   2      
  47   2              }
  48   1      
  49   1      }
  50          /**
  51           * @brief   外部中断0
  52           * @retval  null  （中断一般不需要返回值）
  53           */
  54          void INT0_Handler()  interrupt 0
C51 COMPILER V9.56.0.0   MAIN                                                              01/22/2018 20:11:10 PAGE 2   

  55          {
  56   1              key_scan();
  57   1      }
  58          
  59          /**
  60           * @brief   定时器溢出中断0
  61           * @retval  null  （中断一般不需要返回值）
  62           */
  63          void TIM0_Handler() interrupt 1
  64          {
  65   1              TR0=0; 
  66   1              TH0=0xFC;  //定时器1的工作方式使用了16位的寄存器
  67   1              TL0=0x18;  //所以不能自动重装载只能手动装载
  68   1              TR0=1;
  69   1              i++;       //记录进中断的次数（好像并没有什么用）
  70   1              
  71   1              if(i<location)          //当 duty_A 为 0 时 location 代表占空比
  72   1              {                       //_________________ A相
  73   2                      duty_B=1;       //-------------____ B相
  74   2              }                       //电平极性不同电机两端就存在电势差
  75   1              else if(i>location)     //才能转动
  76   1              {
  77   2                      duty_B=0;
  78   2              }
  79   1              if(i>=100)              //到了 100 就清 0 100 代表 PWM 波的周期
  80   1              {
  81   2                      i=0;
  82   2              }
  83   1              
  84   1      }
  85          


MODULE INFORMATION:   STATIC OVERLAYABLE
   CODE SIZE        =    172    ----
   CONSTANT SIZE    =   ----    ----
   XDATA SIZE       =   ----    ----
   PDATA SIZE       =   ----    ----
   DATA SIZE        =     19    ----
   IDATA SIZE       =   ----    ----
   BIT SIZE         =   ----    ----
END OF MODULE INFORMATION.


C51 COMPILATION COMPLETE.  0 WARNING(S),  0 ERROR(S)
