C51 COMPILER V9.56.0.0   MAIN                                                              05/18/2018 18:06:28 PAGE 1   


C51 COMPILER V9.56.0.0, COMPILATION OF MODULE MAIN
OBJECT MODULE PLACED IN ..\Output\main.obj
COMPILER INVOKED BY: D:\Program Files\AT89C51\C51\BIN\C51.EXE ..\User\main.c OPTIMIZE(8,SPEED) BROWSE INCDIR(..\User) DE
                    -BUG OBJECTEXTEND PRINT(..\Listing\main.lst) TABS(8) OBJECT(..\Output\main.obj)

line level    source

   1          #include <reg52.h>
   2          #define XTAL_12M  0
   3          
   4          #define u8  unsigned char
   5          #define u16 unsigned short
   6          #define u32 unsigned long
   7          //9E56  12M
   8          //4C00  22.1184M
   9          
  10          u8 SegCode[10] = {0x3F, 0x06, 0x5B, 0x4F, 0x66, 0x6D, 0x7D, 0x07, 0x7F, 0x6F};  // 段选低电平有效
  11          sbit K1 = P3^2; 
  12          sbit K2 = P3^3; 
  13          sbit K3 = P3^0; 
  14          
  15          u8 Num1[4]={8,3,2,3};//改成自己的学号
  16          u8 Num2[4]={7,7,2,3};//改成自己的学号
  17          u8 Num3[4]={0,0,0,0};//改成自己的学号
  18          
  19          u8 start=0;  //开始显示的标志位
  20          u8  dir=0;   //定时器加还是减的标志方向 0 加方向 1 减方向
  21          char count=0;  //静态数码管显示的数值
  22          u8 key_flag=0;//显示学号的标志位
  23          u8 time =0;
  24          /* 函数的声明*/
  25          void delay( u16 t);
  26          
  27          
  28          void main()
  29          {
  30   1             
  31   1              u8 i=0;
  32   1              TMOD=0x10; //确定定时器方式
  33   1              
  34   1              #if XTAL_12M
                              TH1=0x9E;       //赋初值
                              TL1=0x58;  
                      #else
  38   1                      TH1=0x4C;       //赋初值
  39   1                      TL1=0x00;
  40   1              #endif
  41   1              IE = 0x8F;
  42   1              P0=0x00;
  43   1              P2=0x00;
  44   1              while(1)
  45   1              {
  46   2                      if(K3==0)
  47   2                      {
  48   3                              delay(10);
  49   3                              if(K3==0)
  50   3                              {
  51   4                                      start=1;
  52   4                                      TR1=0;
  53   4                                      key_flag=2;
  54   4                                      count=0;
C51 COMPILER V9.56.0.0   MAIN                                                              05/18/2018 18:06:28 PAGE 2   

  55   4                                      time=0;
  56   4                              }
  57   3                      }
  58   2                      if(start!=0)
  59   2                      {
  60   3                              
  61   3                              P0=SegCode[count];
  62   3                              for(i=0;i<4;i++)
  63   3                              {
  64   4                                      P1&=0xf8; //1111 1000
  65   4                                      P1|=i;   //xxxx x001
  66   4                                      if(key_flag ==0)
  67   4                                      {
  68   5                                              P2=SegCode[Num1[i]];
  69   5                                      }
  70   4                                      if (key_flag==1)
  71   4                                      {
  72   5                                              P2=SegCode[Num2[i]];
  73   5                                      }
  74   4                                      if(key_flag==2)
  75   4                                      {
  76   5                                              P2=SegCode[Num3[i]];
  77   5                                      }
  78   4                                      delay(1);
  79   4                                      P2=0x00;//消隐
  80   4                              }
  81   3                      }
  82   2              }
  83   1      }
  84          
  85          void delay( u16 t)
  86          {
  87   1              u16 i,j;
  88   1              for(i=0;i<t;i++)
  89   1                      for(j=0;j<1000;j++);
  90   1      }
  91          
  92          void INT0_IRQHander(void) interrupt 0
  93          {
  94   1             
  95   1              if(K1==0)
  96   1              {
  97   2                      delay(20);
  98   2                      if(K1==0)
  99   2                      {
 100   3                              TR1=1;
 101   3                              start=1;
 102   3                              key_flag=0;
 103   3                              dir=0;
 104   3                              time=0;
 105   3                      }
 106   2              }
 107   1      }
 108          void INT1_IRQHander(void) interrupt 2
 109          {
 110   1              if(K2==0)
 111   1              {
 112   2                      delay(20);
 113   2                      if(K2==0)
 114   2                      {
 115   3                              TR1=1;
 116   3                              start=1;
C51 COMPILER V9.56.0.0   MAIN                                                              05/18/2018 18:06:28 PAGE 3   

 117   3                              key_flag=1;
 118   3                              dir=1;
 119   3                              time=0;
 120   3                      }
 121   2              }
 122   1      }
 123          void TIM1_Handler() interrupt 3
 124          {
 125   1              
 126   1              TR1=0;
 127   1              #if XTAL_12M
                              TH1=0x9E;       //赋初值
                              TL1=0x56;  
                      #else     
 131   1                      TH1=0x4C;       //赋初值
 132   1                      TL1=0x00;
 133   1              #endif
 134   1              TR1=1;
 135   1              time+=1;
 136   1              if(dir!=0)  // 减方向
 137   1              {
 138   2                      if (time>=40)
 139   2                      {
 140   3                              time=0;
 141   3                              count-=1;        //1秒时间到
 142   3                              if(count<0)
 143   3                                      count=9;
 144   3                      }
 145   2              }
 146   1              else   //加方向
 147   1              {
 148   2                      if(time>=20)
 149   2                      {
 150   3                              time=0;
 151   3                              count+=1;       //0.5秒时间到
 152   3                              if(count>=10)
 153   3                                      count=0;
 154   3                      }
 155   2              }
 156   1      }
 157          
 158          


MODULE INFORMATION:   STATIC OVERLAYABLE
   CODE SIZE        =    368    ----
   CONSTANT SIZE    =   ----    ----
   XDATA SIZE       =   ----    ----
   PDATA SIZE       =   ----    ----
   DATA SIZE        =     27       1
   IDATA SIZE       =   ----    ----
   BIT SIZE         =   ----    ----
END OF MODULE INFORMATION.


C51 COMPILATION COMPLETE.  0 WARNING(S),  0 ERROR(S)
