C51 COMPILER V9.56.0.0   MAIN                                                              01/09/2017 00:28:07 PAGE 1   


C51 COMPILER V9.56.0.0, COMPILATION OF MODULE MAIN
OBJECT MODULE PLACED IN ..\Output\main.obj
COMPILER INVOKED BY: D:\program Files\C51\BIN\C51.EXE ..\User\main.c OPTIMIZE(8,SPEED) BROWSE INCDIR(..\User) DEBUG OBJE
                    -CTEXTEND PRINT(..\Listing\main.lst) TABS(8) OBJECT(..\Output\main.obj)

line level    source

   1          #include <reg51.h>
   2          
   3          unsigned char i,j;
   4          
   5          unsigned  char   selected[]={0x01,0x02,0x04,0x08,0x10,0x20};//位选数组
   6          
   7          unsigned  char   table[]={0x3f,0x06,0x5b,0x4f,0x66,0x6d,0x7d,0x07,0x7f,0x6f};//段选数组
   8          
   9          unsigned  char number[] ={1,2,3,4,4,0};
  10          
  11          void main()
  12          {
  13   1              
  14   1              TMOD=0x01;
  15   1              TH0=0x0b;
  16   1              TL0=0xdc;
  17   1              IE=0x82;
  18   1              TR0=1;
  19   1              while (1)
  20   1              {
  21   2                      for(i=0;i<6;i++)//循环6位
  22   2                              {       
  23   3                                      P1 = selected[i];
  24   3                                      if (i==1||i==3)//加小数点
  25   3                                      {
  26   4                                              P0 = ~table[number[i]]|0x80;
  27   4                                              for(j=0;j<100;j++);
  28   4                                      }
  29   3                                      else
  30   3                                      {
  31   4                                              P0 = ~table[number[i]];
  32   4                                              for(j=0;j<100;j++);
  33   4                                      }
  34   3                              }
  35   2              }
  36   1      }
  37          
  38          void fun() interrupt 1
  39          {
  40   1              unsigned char a;
  41   1              TR0=0;
  42   1              TH0=0x0b;
  43   1              TL0=0xdc;
  44   1              TR0=1;
  45   1              a+=1;
  46   1              if (a>=16)
  47   1              {
  48   2                      a=0;
  49   2      //              if(number[4]<5&&number[5]<9)
  50   2      //              {
  51   2      //                      number[5]+=1;
  52   2      //              }
  53   2                      
  54   2                      
C51 COMPILER V9.56.0.0   MAIN                                                              01/09/2017 00:28:07 PAGE 2   

  55   2                      
  56   2                      
  57   2                      
  58   2                      
  59   2                      if (number[4]!=5)
  60   2                      {
  61   3                              if(number[5]<9)
  62   3                              {
  63   4                                      number[5]+=1;
  64   4                              }
  65   3                              else
  66   3                              {
  67   4                                      number[4]+=1;
  68   4                                      number[5]=0;                            
  69   4                              }
  70   3                      }
  71   2                      else
  72   2                      {
  73   3                              if(number[5]<9)
  74   3                              {
  75   4                                      number[5]+=1;
  76   4                              }
  77   3                              else
  78   3                              {
  79   4                                      number[3]+=1;
  80   4                                      number[4]=0;
  81   4                                      number[5]=0;
  82   4                              }
  83   3                      }
  84   2                      
  85   2              }
  86   1      }


MODULE INFORMATION:   STATIC OVERLAYABLE
   CODE SIZE        =    165    ----
   CONSTANT SIZE    =   ----    ----
   XDATA SIZE       =   ----    ----
   PDATA SIZE       =   ----    ----
   DATA SIZE        =     24       1
   IDATA SIZE       =   ----    ----
   BIT SIZE         =   ----    ----
END OF MODULE INFORMATION.


C51 COMPILATION COMPLETE.  0 WARNING(S),  0 ERROR(S)
