C51 COMPILER V9.56.0.0   MAIN                                                              10/06/2017 10:07:19 PAGE 1   


C51 COMPILER V9.56.0.0, COMPILATION OF MODULE MAIN
OBJECT MODULE PLACED IN ..\Output\main.obj
COMPILER INVOKED BY: D:\Program Files\AT89C51\C51\BIN\C51.EXE ..\User\main.c OPTIMIZE(8,SPEED) BROWSE INCDIR(..\User) DE
                    -BUG OBJECTEXTEND PRINT(..\Listing\main.lst) TABS(8) OBJECT(..\Output\main.obj)

line level    source

   1          #include <reg52.h>
   2          #include "bsp_delay.h"
   3          
   4          sbit led_control = P1^4;
   5          sbit mcu_select = P1^0;
   6          sbit key_input = P1^3;
   7          
   8          int main()
   9          {
  10   1              char led_on = 'o';                              // open 
  11   1              char led_off = 'c';                             // close
  12   1              char data_select = led_on;                      // 发送机发送数据选择信号
  13   1              char control_signal = ' ';                      // 接收机接收到的控制信号
  14   1              
  15   1              TMOD = 0x20;
  16   1              TH1 = 0xfd; 
  17   1              TL1 = 0xfd; 
  18   1              PCON = 0x00;
  19   1              
  20   1              if(mcu_select == 1)                             // 选择位为高电平为发送机
  21   1              {
  22   2                      SCON = 0x40;
  23   2                      TI = 0;
  24   2                      TR1 = 1;
  25   2                      while(1)
  26   2                      {
  27   3                              if(key_input == 0)
  28   3                              {
  29   4                                      delay_ms(10);
  30   4                                      if(key_input == 0)
  31   4                                      {
  32   5                                              if(data_select == led_on)
  33   5                                              {
  34   6                                                      SBUF = led_on;
  35   6                                                      data_select = led_off;
  36   6                                              }
  37   5                                              else if(data_select == led_off)
  38   5                                              {
  39   6                                                      SBUF = led_off;
  40   6                                                      data_select = led_on;
  41   6                                              }
  42   5                                              
  43   5                                              while(key_input == 0);
  44   5                                      }
  45   4                                      
  46   4                                      while(TI == 0);                 // 等待发送完成
  47   4                                      TI = 0;                         // 清除发送标志
  48   4                              }
  49   3                              delay_ms(10);
  50   3                      }
  51   2              }
  52   1              else                                            // 选择位为低电平为接收机
  53   1              {
  54   2                      SCON = 0x50;
C51 COMPILER V9.56.0.0   MAIN                                                              10/06/2017 10:07:19 PAGE 2   

  55   2                      RI = 0;
  56   2                      TR1 = 1;
  57   2                      while(1)
  58   2                      {
  59   3                              if(RI)
  60   3                              {
  61   4                                      control_signal = SBUF;
  62   4                                      RI = 0;
  63   4                                      delay_ms(10);
  64   4                              }
  65   3                              
  66   3                              if(control_signal == led_on)
  67   3                              {
  68   4                                      led_control = 0;
  69   4                              }
  70   3                              else
  71   3                              {
  72   4                                      led_control = 1;
  73   4                              }
  74   3                      }
  75   2              }
  76   1      }


MODULE INFORMATION:   STATIC OVERLAYABLE
   CODE SIZE        =    135    ----
   CONSTANT SIZE    =   ----    ----
   XDATA SIZE       =   ----    ----
   PDATA SIZE       =   ----    ----
   DATA SIZE        =   ----       4
   IDATA SIZE       =   ----    ----
   BIT SIZE         =   ----    ----
END OF MODULE INFORMATION.


C51 COMPILATION COMPLETE.  0 WARNING(S),  0 ERROR(S)
