C51 COMPILER V9.56.0.0   MAIN                                                              07/19/2018 17:01:33 PAGE 1   


C51 COMPILER V9.56.0.0, COMPILATION OF MODULE MAIN
OBJECT MODULE PLACED IN ..\Output\main.obj
COMPILER INVOKED BY: D:\Program Files\AT89C51\C51\BIN\C51.EXE ..\User\main.c OPTIMIZE(8,SPEED) BROWSE INCDIR(..\User) DE
                    -BUG OBJECTEXTEND PRINT(..\Listing\main.lst) TABS(8) OBJECT(..\Output\main.obj)

line level    source

   1          #include "main.h"
   2          #include "bsp_delay.h"
   3          
   4          void main()
   5          {
   6   1              
   7   1              while(1)
   8   1              {
   9   2                      delay(10);
  10   2              }
  11   1      
  12   1      }
  13          
  14          
  15          


MODULE INFORMATION:   STATIC OVERLAYABLE
   CODE SIZE        =      7    ----
   CONSTANT SIZE    =   ----    ----
   XDATA SIZE       =   ----    ----
   PDATA SIZE       =   ----    ----
   DATA SIZE        =   ----    ----
   IDATA SIZE       =   ----    ----
   BIT SIZE         =   ----    ----
END OF MODULE INFORMATION.


C51 COMPILATION COMPLETE.  0 WARNING(S),  0 ERROR(S)
