Classic Timing Analyzer report for lihua
Thu Jan 18 09:16:25 2018
Quartus II 64-Bit Version 9.1 Build 350 03/24/2010 Service Pack 2 SJ Full Version


---------------------
; Table of Contents ;
---------------------
  1. Legal Notice
  2. Timing Analyzer Summary
  3. Timing Analyzer Settings
  4. Clock Settings Summary
  5. Parallel Compilation
  6. Clock Setup: 'clk1'
  7. tsu
  8. tco
  9. th
 10. Timing Analyzer Messages



----------------
; Legal Notice ;
----------------
Copyright (C) 1991-2010 Altera Corporation
Your use of Altera Corporation's design tools, logic functions 
and other software and tools, and its AMPP partner logic 
functions, and any output files from any of the foregoing 
(including device programming or simulation files), and any 
associated documentation or information are expressly subject 
to the terms and conditions of the Altera Program License 
Subscription Agreement, Altera MegaCore Function License 
Agreement, or other applicable license agreement, including, 
without limitation, that your use is for the sole purpose of 
programming logic devices manufactured by Altera and sold by 
Altera or its authorized distributors.  Please refer to the 
applicable agreement for further details.



+----------------------------------------------------------------------------------------------------------------------------------------------------------------------------------+
; Timing Analyzer Summary                                                                                                                                                          ;
+------------------------------+-------+---------------+----------------------------------+------------------------+------------------------+------------+----------+--------------+
; Type                         ; Slack ; Required Time ; Actual Time                      ; From                   ; To                     ; From Clock ; To Clock ; Failed Paths ;
+------------------------------+-------+---------------+----------------------------------+------------------------+------------------------+------------+----------+--------------+
; Worst-case tsu               ; N/A   ; None          ; 4.937 ns                         ; ena                    ; CNT27B:comb_3|sout[1]  ; --         ; clk1     ; 0            ;
; Worst-case tco               ; N/A   ; None          ; 11.166 ns                        ; CNT27B:comb_3|sout[24] ; LED7[3]                ; clk1       ; --       ; 0            ;
; Worst-case th                ; N/A   ; None          ; -4.173 ns                        ; ena                    ; CNT27B:comb_3|sout[0]  ; --         ; clk1     ; 0            ;
; Clock Setup: 'clk1'          ; N/A   ; None          ; 231.54 MHz ( period = 4.319 ns ) ; CNT27B:comb_3|sout[1]  ; CNT27B:comb_3|sout[26] ; clk1       ; clk1     ; 0            ;
; Total number of failed paths ;       ;               ;                                  ;                        ;                        ;            ;          ; 0            ;
+------------------------------+-------+---------------+----------------------------------+------------------------+------------------------+------------+----------+--------------+


+-----------------------------------------------------------------------------------------------------------------------------------------------------+
; Timing Analyzer Settings                                                                                                                            ;
+------------------------------------------------------------------------------------------------------+--------------------+------+----+-------------+
; Option                                                                                               ; Setting            ; From ; To ; Entity Name ;
+------------------------------------------------------------------------------------------------------+--------------------+------+----+-------------+
; Device Name                                                                                          ; EP2C8Q208C8        ;      ;    ;             ;
; Timing Models                                                                                        ; Final              ;      ;    ;             ;
; Default hold multicycle                                                                              ; Same as Multicycle ;      ;    ;             ;
; Cut paths between unrelated clock domains                                                            ; On                 ;      ;    ;             ;
; Cut off read during write signal paths                                                               ; On                 ;      ;    ;             ;
; Cut off feedback from I/O pins                                                                       ; On                 ;      ;    ;             ;
; Report Combined Fast/Slow Timing                                                                     ; Off                ;      ;    ;             ;
; Ignore Clock Settings                                                                                ; Off                ;      ;    ;             ;
; Analyze latches as synchronous elements                                                              ; On                 ;      ;    ;             ;
; Enable Recovery/Removal analysis                                                                     ; Off                ;      ;    ;             ;
; Enable Clock Latency                                                                                 ; Off                ;      ;    ;             ;
; Use TimeQuest Timing Analyzer                                                                        ; Off                ;      ;    ;             ;
; Minimum Core Junction Temperature                                                                    ; 0                  ;      ;    ;             ;
; Maximum Core Junction Temperature                                                                    ; 85                 ;      ;    ;             ;
; Number of source nodes to report per destination node                                                ; 10                 ;      ;    ;             ;
; Number of destination nodes to report                                                                ; 10                 ;      ;    ;             ;
; Number of paths to report                                                                            ; 200                ;      ;    ;             ;
; Report Minimum Timing Checks                                                                         ; Off                ;      ;    ;             ;
; Use Fast Timing Models                                                                               ; Off                ;      ;    ;             ;
; Report IO Paths Separately                                                                           ; Off                ;      ;    ;             ;
; Perform Multicorner Analysis                                                                         ; On                 ;      ;    ;             ;
; Reports the worst-case path for each clock domain and analysis                                       ; Off                ;      ;    ;             ;
; Reports worst-case timing paths for each clock domain and analysis                                   ; On                 ;      ;    ;             ;
; Specifies the maximum number of worst-case timing paths to report for each clock domain and analysis ; 100                ;      ;    ;             ;
; Removes common clock path pessimism (CCPP) during slack computation                                  ; Off                ;      ;    ;             ;
; Output I/O Timing Endpoint                                                                           ; Near End           ;      ;    ;             ;
+------------------------------------------------------------------------------------------------------+--------------------+------+----+-------------+


+------------------------------------------------------------------------------------------------------------------------------------------------------------------------------------+
; Clock Settings Summary                                                                                                                                                             ;
+-----------------+--------------------+----------+------------------+---------------+--------------+----------+-----------------------+---------------------+--------+--------------+
; Clock Node Name ; Clock Setting Name ; Type     ; Fmax Requirement ; Early Latency ; Late Latency ; Based on ; Multiply Base Fmax by ; Divide Base Fmax by ; Offset ; Phase offset ;
+-----------------+--------------------+----------+------------------+---------------+--------------+----------+-----------------------+---------------------+--------+--------------+
; clk1            ;                    ; User Pin ; None             ; 0.000 ns      ; 0.000 ns     ; --       ; N/A                   ; N/A                 ; N/A    ;              ;
+-----------------+--------------------+----------+------------------+---------------+--------------+----------+-----------------------+---------------------+--------+--------------+


+------------------------------------------+
; Parallel Compilation                     ;
+----------------------------+-------------+
; Processors                 ; Number      ;
+----------------------------+-------------+
; Number detected on machine ; 2           ;
; Maximum allowed            ; 2           ;
;                            ;             ;
; Average used               ; 1.00        ;
; Maximum used               ; 1           ;
;                            ;             ;
; Usage by Processor         ; % Time Used ;
;     1 processor            ; 100.0%      ;
;     2 processors           ;   0.0%      ;
+----------------------------+-------------+


+-------------------------------------------------------------------------------------------------------------------------------------------------------------------------------------------------------------------------------------------------------------+
; Clock Setup: 'clk1'                                                                                                                                                                                                                                         ;
+-----------------------------------------+-----------------------------------------------------+------------------------+------------------------+------------+----------+-----------------------------+---------------------------+-------------------------+
; Slack                                   ; Actual fmax (period)                                ; From                   ; To                     ; From Clock ; To Clock ; Required Setup Relationship ; Required Longest P2P Time ; Actual Longest P2P Time ;
+-----------------------------------------+-----------------------------------------------------+------------------------+------------------------+------------+----------+-----------------------------+---------------------------+-------------------------+
; N/A                                     ; 231.54 MHz ( period = 4.319 ns )                    ; CNT27B:comb_3|sout[1]  ; CNT27B:comb_3|sout[26] ; clk1       ; clk1     ; None                        ; None                      ; 4.060 ns                ;
; N/A                                     ; 234.85 MHz ( period = 4.258 ns )                    ; CNT27B:comb_3|sout[0]  ; CNT27B:comb_3|sout[26] ; clk1       ; clk1     ; None                        ; None                      ; 3.999 ns                ;
; N/A                                     ; 236.24 MHz ( period = 4.233 ns )                    ; CNT27B:comb_3|sout[1]  ; CNT27B:comb_3|sout[25] ; clk1       ; clk1     ; None                        ; None                      ; 3.974 ns                ;
; N/A                                     ; 239.29 MHz ( period = 4.179 ns )                    ; CNT27B:comb_3|sout[2]  ; CNT27B:comb_3|sout[26] ; clk1       ; clk1     ; None                        ; None                      ; 3.920 ns                ;
; N/A                                     ; 239.69 MHz ( period = 4.172 ns )                    ; CNT27B:comb_3|sout[0]  ; CNT27B:comb_3|sout[25] ; clk1       ; clk1     ; None                        ; None                      ; 3.913 ns                ;
; N/A                                     ; 241.08 MHz ( period = 4.148 ns )                    ; CNT27B:comb_3|sout[3]  ; CNT27B:comb_3|sout[26] ; clk1       ; clk1     ; None                        ; None                      ; 3.889 ns                ;
; N/A                                     ; 241.14 MHz ( period = 4.147 ns )                    ; CNT27B:comb_3|sout[1]  ; CNT27B:comb_3|sout[24] ; clk1       ; clk1     ; None                        ; None                      ; 3.888 ns                ;
; N/A                                     ; 244.32 MHz ( period = 4.093 ns )                    ; CNT27B:comb_3|sout[2]  ; CNT27B:comb_3|sout[25] ; clk1       ; clk1     ; None                        ; None                      ; 3.834 ns                ;
; N/A                                     ; 244.74 MHz ( period = 4.086 ns )                    ; CNT27B:comb_3|sout[0]  ; CNT27B:comb_3|sout[24] ; clk1       ; clk1     ; None                        ; None                      ; 3.827 ns                ;
; N/A                                     ; 246.18 MHz ( period = 4.062 ns )                    ; CNT27B:comb_3|sout[3]  ; CNT27B:comb_3|sout[25] ; clk1       ; clk1     ; None                        ; None                      ; 3.803 ns                ;
; N/A                                     ; 246.18 MHz ( period = 4.062 ns )                    ; CNT27B:comb_3|sout[4]  ; CNT27B:comb_3|sout[26] ; clk1       ; clk1     ; None                        ; None                      ; 3.803 ns                ;
; N/A                                     ; 246.24 MHz ( period = 4.061 ns )                    ; CNT27B:comb_3|sout[1]  ; CNT27B:comb_3|sout[23] ; clk1       ; clk1     ; None                        ; None                      ; 3.802 ns                ;
; N/A                                     ; 249.56 MHz ( period = 4.007 ns )                    ; CNT27B:comb_3|sout[2]  ; CNT27B:comb_3|sout[24] ; clk1       ; clk1     ; None                        ; None                      ; 3.748 ns                ;
; N/A                                     ; 250.00 MHz ( period = 4.000 ns )                    ; CNT27B:comb_3|sout[0]  ; CNT27B:comb_3|sout[23] ; clk1       ; clk1     ; None                        ; None                      ; 3.741 ns                ;
; N/A                                     ; 251.51 MHz ( period = 3.976 ns )                    ; CNT27B:comb_3|sout[3]  ; CNT27B:comb_3|sout[24] ; clk1       ; clk1     ; None                        ; None                      ; 3.717 ns                ;
; N/A                                     ; 251.51 MHz ( period = 3.976 ns )                    ; CNT27B:comb_3|sout[4]  ; CNT27B:comb_3|sout[25] ; clk1       ; clk1     ; None                        ; None                      ; 3.717 ns                ;
; N/A                                     ; 251.57 MHz ( period = 3.975 ns )                    ; CNT27B:comb_3|sout[1]  ; CNT27B:comb_3|sout[22] ; clk1       ; clk1     ; None                        ; None                      ; 3.716 ns                ;
; N/A                                     ; 254.65 MHz ( period = 3.927 ns )                    ; CNT27B:comb_3|sout[5]  ; CNT27B:comb_3|sout[26] ; clk1       ; clk1     ; None                        ; None                      ; 3.668 ns                ;
; N/A                                     ; 255.04 MHz ( period = 3.921 ns )                    ; CNT27B:comb_3|sout[2]  ; CNT27B:comb_3|sout[23] ; clk1       ; clk1     ; None                        ; None                      ; 3.662 ns                ;
; N/A                                     ; 255.49 MHz ( period = 3.914 ns )                    ; CNT27B:comb_3|sout[0]  ; CNT27B:comb_3|sout[22] ; clk1       ; clk1     ; None                        ; None                      ; 3.655 ns                ;
; N/A                                     ; 257.07 MHz ( period = 3.890 ns )                    ; CNT27B:comb_3|sout[3]  ; CNT27B:comb_3|sout[23] ; clk1       ; clk1     ; None                        ; None                      ; 3.631 ns                ;
; N/A                                     ; 257.07 MHz ( period = 3.890 ns )                    ; CNT27B:comb_3|sout[4]  ; CNT27B:comb_3|sout[24] ; clk1       ; clk1     ; None                        ; None                      ; 3.631 ns                ;
; N/A                                     ; 260.35 MHz ( period = 3.841 ns )                    ; CNT27B:comb_3|sout[5]  ; CNT27B:comb_3|sout[25] ; clk1       ; clk1     ; None                        ; None                      ; 3.582 ns                ;
; N/A                                     ; 260.76 MHz ( period = 3.835 ns )                    ; CNT27B:comb_3|sout[2]  ; CNT27B:comb_3|sout[22] ; clk1       ; clk1     ; None                        ; None                      ; 3.576 ns                ;
; N/A                                     ; 262.88 MHz ( period = 3.804 ns )                    ; CNT27B:comb_3|sout[4]  ; CNT27B:comb_3|sout[23] ; clk1       ; clk1     ; None                        ; None                      ; 3.545 ns                ;
; N/A                                     ; 262.88 MHz ( period = 3.804 ns )                    ; CNT27B:comb_3|sout[3]  ; CNT27B:comb_3|sout[22] ; clk1       ; clk1     ; None                        ; None                      ; 3.545 ns                ;
; N/A                                     ; 264.20 MHz ( period = 3.785 ns )                    ; CNT27B:comb_3|sout[1]  ; CNT27B:comb_3|sout[21] ; clk1       ; clk1     ; None                        ; None                      ; 3.526 ns                ;
; N/A                                     ; 264.20 MHz ( period = 3.785 ns )                    ; CNT27B:comb_3|sout[6]  ; CNT27B:comb_3|sout[26] ; clk1       ; clk1     ; None                        ; None                      ; 3.526 ns                ;
; N/A                                     ; 266.31 MHz ( period = 3.755 ns )                    ; CNT27B:comb_3|sout[5]  ; CNT27B:comb_3|sout[24] ; clk1       ; clk1     ; None                        ; None                      ; 3.496 ns                ;
; N/A                                     ; 268.53 MHz ( period = 3.724 ns )                    ; CNT27B:comb_3|sout[0]  ; CNT27B:comb_3|sout[21] ; clk1       ; clk1     ; None                        ; None                      ; 3.465 ns                ;
; N/A                                     ; 268.96 MHz ( period = 3.718 ns )                    ; CNT27B:comb_3|sout[4]  ; CNT27B:comb_3|sout[22] ; clk1       ; clk1     ; None                        ; None                      ; 3.459 ns                ;
; N/A                                     ; 270.34 MHz ( period = 3.699 ns )                    ; CNT27B:comb_3|sout[1]  ; CNT27B:comb_3|sout[20] ; clk1       ; clk1     ; None                        ; None                      ; 3.440 ns                ;
; N/A                                     ; 270.34 MHz ( period = 3.699 ns )                    ; CNT27B:comb_3|sout[6]  ; CNT27B:comb_3|sout[25] ; clk1       ; clk1     ; None                        ; None                      ; 3.440 ns                ;
; N/A                                     ; 272.55 MHz ( period = 3.669 ns )                    ; CNT27B:comb_3|sout[5]  ; CNT27B:comb_3|sout[23] ; clk1       ; clk1     ; None                        ; None                      ; 3.410 ns                ;
; N/A                                     ; 274.35 MHz ( period = 3.645 ns )                    ; CNT27B:comb_3|sout[2]  ; CNT27B:comb_3|sout[21] ; clk1       ; clk1     ; None                        ; None                      ; 3.386 ns                ;
; N/A                                     ; 274.35 MHz ( period = 3.645 ns )                    ; CNT27B:comb_3|sout[7]  ; CNT27B:comb_3|sout[26] ; clk1       ; clk1     ; None                        ; None                      ; 3.386 ns                ;
; N/A                                     ; 274.88 MHz ( period = 3.638 ns )                    ; CNT27B:comb_3|sout[0]  ; CNT27B:comb_3|sout[20] ; clk1       ; clk1     ; None                        ; None                      ; 3.379 ns                ;
; N/A                                     ; 276.70 MHz ( period = 3.614 ns )                    ; CNT27B:comb_3|sout[3]  ; CNT27B:comb_3|sout[21] ; clk1       ; clk1     ; None                        ; None                      ; 3.355 ns                ;
; N/A                                     ; 276.78 MHz ( period = 3.613 ns )                    ; CNT27B:comb_3|sout[1]  ; CNT27B:comb_3|sout[19] ; clk1       ; clk1     ; None                        ; None                      ; 3.354 ns                ;
; N/A                                     ; 276.78 MHz ( period = 3.613 ns )                    ; CNT27B:comb_3|sout[6]  ; CNT27B:comb_3|sout[24] ; clk1       ; clk1     ; None                        ; None                      ; 3.354 ns                ;
; N/A                                     ; 276.78 MHz ( period = 3.613 ns )                    ; CNT27B:comb_3|sout[8]  ; CNT27B:comb_3|sout[26] ; clk1       ; clk1     ; None                        ; None                      ; 3.354 ns                ;
; N/A                                     ; 279.10 MHz ( period = 3.583 ns )                    ; CNT27B:comb_3|sout[5]  ; CNT27B:comb_3|sout[22] ; clk1       ; clk1     ; None                        ; None                      ; 3.324 ns                ;
; N/A                                     ; 280.98 MHz ( period = 3.559 ns )                    ; CNT27B:comb_3|sout[2]  ; CNT27B:comb_3|sout[20] ; clk1       ; clk1     ; None                        ; None                      ; 3.300 ns                ;
; N/A                                     ; 280.98 MHz ( period = 3.559 ns )                    ; CNT27B:comb_3|sout[7]  ; CNT27B:comb_3|sout[25] ; clk1       ; clk1     ; None                        ; None                      ; 3.300 ns                ;
; N/A                                     ; 281.53 MHz ( period = 3.552 ns )                    ; CNT27B:comb_3|sout[0]  ; CNT27B:comb_3|sout[19] ; clk1       ; clk1     ; None                        ; None                      ; 3.293 ns                ;
; N/A                                     ; 283.45 MHz ( period = 3.528 ns )                    ; CNT27B:comb_3|sout[4]  ; CNT27B:comb_3|sout[21] ; clk1       ; clk1     ; None                        ; None                      ; 3.269 ns                ;
; N/A                                     ; 283.45 MHz ( period = 3.528 ns )                    ; CNT27B:comb_3|sout[3]  ; CNT27B:comb_3|sout[20] ; clk1       ; clk1     ; None                        ; None                      ; 3.269 ns                ;
; N/A                                     ; 283.53 MHz ( period = 3.527 ns )                    ; CNT27B:comb_3|sout[6]  ; CNT27B:comb_3|sout[23] ; clk1       ; clk1     ; None                        ; None                      ; 3.268 ns                ;
; N/A                                     ; 283.53 MHz ( period = 3.527 ns )                    ; CNT27B:comb_3|sout[1]  ; CNT27B:comb_3|sout[18] ; clk1       ; clk1     ; None                        ; None                      ; 3.268 ns                ;
; N/A                                     ; 283.53 MHz ( period = 3.527 ns )                    ; CNT27B:comb_3|sout[8]  ; CNT27B:comb_3|sout[25] ; clk1       ; clk1     ; None                        ; None                      ; 3.268 ns                ;
; N/A                                     ; 287.94 MHz ( period = 3.473 ns )                    ; CNT27B:comb_3|sout[2]  ; CNT27B:comb_3|sout[19] ; clk1       ; clk1     ; None                        ; None                      ; 3.214 ns                ;
; N/A                                     ; 287.94 MHz ( period = 3.473 ns )                    ; CNT27B:comb_3|sout[7]  ; CNT27B:comb_3|sout[24] ; clk1       ; clk1     ; None                        ; None                      ; 3.214 ns                ;
; N/A                                     ; 287.94 MHz ( period = 3.473 ns )                    ; CNT27B:comb_3|sout[9]  ; CNT27B:comb_3|sout[26] ; clk1       ; clk1     ; None                        ; None                      ; 3.214 ns                ;
; N/A                                     ; 288.52 MHz ( period = 3.466 ns )                    ; CNT27B:comb_3|sout[0]  ; CNT27B:comb_3|sout[18] ; clk1       ; clk1     ; None                        ; None                      ; 3.207 ns                ;
; N/A                                     ; 290.53 MHz ( period = 3.442 ns )                    ; CNT27B:comb_3|sout[4]  ; CNT27B:comb_3|sout[20] ; clk1       ; clk1     ; None                        ; None                      ; 3.183 ns                ;
; N/A                                     ; 290.53 MHz ( period = 3.442 ns )                    ; CNT27B:comb_3|sout[3]  ; CNT27B:comb_3|sout[19] ; clk1       ; clk1     ; None                        ; None                      ; 3.183 ns                ;
; N/A                                     ; 290.53 MHz ( period = 3.442 ns )                    ; CNT27B:comb_3|sout[10] ; CNT27B:comb_3|sout[26] ; clk1       ; clk1     ; None                        ; None                      ; 3.183 ns                ;
; N/A                                     ; 290.61 MHz ( period = 3.441 ns )                    ; CNT27B:comb_3|sout[6]  ; CNT27B:comb_3|sout[22] ; clk1       ; clk1     ; None                        ; None                      ; 3.182 ns                ;
; N/A                                     ; 290.61 MHz ( period = 3.441 ns )                    ; CNT27B:comb_3|sout[1]  ; CNT27B:comb_3|sout[17] ; clk1       ; clk1     ; None                        ; None                      ; 3.182 ns                ;
; N/A                                     ; 290.61 MHz ( period = 3.441 ns )                    ; CNT27B:comb_3|sout[8]  ; CNT27B:comb_3|sout[24] ; clk1       ; clk1     ; None                        ; None                      ; 3.182 ns                ;
; N/A                                     ; 294.72 MHz ( period = 3.393 ns )                    ; CNT27B:comb_3|sout[5]  ; CNT27B:comb_3|sout[21] ; clk1       ; clk1     ; None                        ; None                      ; 3.134 ns                ;
; N/A                                     ; 295.25 MHz ( period = 3.387 ns )                    ; CNT27B:comb_3|sout[7]  ; CNT27B:comb_3|sout[23] ; clk1       ; clk1     ; None                        ; None                      ; 3.128 ns                ;
; N/A                                     ; 295.25 MHz ( period = 3.387 ns )                    ; CNT27B:comb_3|sout[2]  ; CNT27B:comb_3|sout[18] ; clk1       ; clk1     ; None                        ; None                      ; 3.128 ns                ;
; N/A                                     ; 295.25 MHz ( period = 3.387 ns )                    ; CNT27B:comb_3|sout[9]  ; CNT27B:comb_3|sout[25] ; clk1       ; clk1     ; None                        ; None                      ; 3.128 ns                ;
; N/A                                     ; 295.86 MHz ( period = 3.380 ns )                    ; CNT27B:comb_3|sout[0]  ; CNT27B:comb_3|sout[17] ; clk1       ; clk1     ; None                        ; None                      ; 3.121 ns                ;
; N/A                                     ; 297.97 MHz ( period = 3.356 ns )                    ; CNT27B:comb_3|sout[4]  ; CNT27B:comb_3|sout[19] ; clk1       ; clk1     ; None                        ; None                      ; 3.097 ns                ;
; N/A                                     ; 297.97 MHz ( period = 3.356 ns )                    ; CNT27B:comb_3|sout[3]  ; CNT27B:comb_3|sout[18] ; clk1       ; clk1     ; None                        ; None                      ; 3.097 ns                ;
; N/A                                     ; 297.97 MHz ( period = 3.356 ns )                    ; CNT27B:comb_3|sout[10] ; CNT27B:comb_3|sout[25] ; clk1       ; clk1     ; None                        ; None                      ; 3.097 ns                ;
; N/A                                     ; 298.06 MHz ( period = 3.355 ns )                    ; CNT27B:comb_3|sout[8]  ; CNT27B:comb_3|sout[23] ; clk1       ; clk1     ; None                        ; None                      ; 3.096 ns                ;
; N/A                                     ; 298.06 MHz ( period = 3.355 ns )                    ; CNT27B:comb_3|sout[1]  ; CNT27B:comb_3|sout[16] ; clk1       ; clk1     ; None                        ; None                      ; 3.096 ns                ;
; N/A                                     ; 302.39 MHz ( period = 3.307 ns )                    ; CNT27B:comb_3|sout[5]  ; CNT27B:comb_3|sout[20] ; clk1       ; clk1     ; None                        ; None                      ; 3.048 ns                ;
; N/A                                     ; 302.48 MHz ( period = 3.306 ns )                    ; CNT27B:comb_3|sout[11] ; CNT27B:comb_3|sout[26] ; clk1       ; clk1     ; None                        ; None                      ; 3.047 ns                ;
; N/A                                     ; 302.94 MHz ( period = 3.301 ns )                    ; CNT27B:comb_3|sout[7]  ; CNT27B:comb_3|sout[22] ; clk1       ; clk1     ; None                        ; None                      ; 3.042 ns                ;
; N/A                                     ; 302.94 MHz ( period = 3.301 ns )                    ; CNT27B:comb_3|sout[2]  ; CNT27B:comb_3|sout[17] ; clk1       ; clk1     ; None                        ; None                      ; 3.042 ns                ;
; N/A                                     ; 302.94 MHz ( period = 3.301 ns )                    ; CNT27B:comb_3|sout[9]  ; CNT27B:comb_3|sout[24] ; clk1       ; clk1     ; None                        ; None                      ; 3.042 ns                ;
; N/A                                     ; 303.58 MHz ( period = 3.294 ns )                    ; CNT27B:comb_3|sout[0]  ; CNT27B:comb_3|sout[16] ; clk1       ; clk1     ; None                        ; None                      ; 3.035 ns                ;
; N/A                                     ; 305.81 MHz ( period = 3.270 ns )                    ; CNT27B:comb_3|sout[4]  ; CNT27B:comb_3|sout[18] ; clk1       ; clk1     ; None                        ; None                      ; 3.011 ns                ;
; N/A                                     ; 305.81 MHz ( period = 3.270 ns )                    ; CNT27B:comb_3|sout[3]  ; CNT27B:comb_3|sout[17] ; clk1       ; clk1     ; None                        ; None                      ; 3.011 ns                ;
; N/A                                     ; 305.81 MHz ( period = 3.270 ns )                    ; CNT27B:comb_3|sout[10] ; CNT27B:comb_3|sout[24] ; clk1       ; clk1     ; None                        ; None                      ; 3.011 ns                ;
; N/A                                     ; 305.90 MHz ( period = 3.269 ns )                    ; CNT27B:comb_3|sout[8]  ; CNT27B:comb_3|sout[22] ; clk1       ; clk1     ; None                        ; None                      ; 3.010 ns                ;
; N/A                                     ; 305.90 MHz ( period = 3.269 ns )                    ; CNT27B:comb_3|sout[1]  ; CNT27B:comb_3|sout[15] ; clk1       ; clk1     ; None                        ; None                      ; 3.010 ns                ;
; N/A                                     ; 307.60 MHz ( period = 3.251 ns )                    ; CNT27B:comb_3|sout[6]  ; CNT27B:comb_3|sout[21] ; clk1       ; clk1     ; None                        ; None                      ; 2.992 ns                ;
; N/A                                     ; 310.46 MHz ( period = 3.221 ns )                    ; CNT27B:comb_3|sout[5]  ; CNT27B:comb_3|sout[19] ; clk1       ; clk1     ; None                        ; None                      ; 2.962 ns                ;
; N/A                                     ; 310.56 MHz ( period = 3.220 ns )                    ; CNT27B:comb_3|sout[11] ; CNT27B:comb_3|sout[25] ; clk1       ; clk1     ; None                        ; None                      ; 2.961 ns                ;
; N/A                                     ; 310.56 MHz ( period = 3.220 ns )                    ; CNT27B:comb_3|sout[12] ; CNT27B:comb_3|sout[26] ; clk1       ; clk1     ; None                        ; None                      ; 2.961 ns                ;
; N/A                                     ; 311.04 MHz ( period = 3.215 ns )                    ; CNT27B:comb_3|sout[9]  ; CNT27B:comb_3|sout[23] ; clk1       ; clk1     ; None                        ; None                      ; 2.956 ns                ;
; N/A                                     ; 311.04 MHz ( period = 3.215 ns )                    ; CNT27B:comb_3|sout[2]  ; CNT27B:comb_3|sout[16] ; clk1       ; clk1     ; None                        ; None                      ; 2.956 ns                ;
; N/A                                     ; 311.72 MHz ( period = 3.208 ns )                    ; CNT27B:comb_3|sout[0]  ; CNT27B:comb_3|sout[15] ; clk1       ; clk1     ; None                        ; None                      ; 2.949 ns                ;
; N/A                                     ; 314.07 MHz ( period = 3.184 ns )                    ; CNT27B:comb_3|sout[10] ; CNT27B:comb_3|sout[23] ; clk1       ; clk1     ; None                        ; None                      ; 2.925 ns                ;
; N/A                                     ; 314.07 MHz ( period = 3.184 ns )                    ; CNT27B:comb_3|sout[4]  ; CNT27B:comb_3|sout[17] ; clk1       ; clk1     ; None                        ; None                      ; 2.925 ns                ;
; N/A                                     ; 314.07 MHz ( period = 3.184 ns )                    ; CNT27B:comb_3|sout[3]  ; CNT27B:comb_3|sout[16] ; clk1       ; clk1     ; None                        ; None                      ; 2.925 ns                ;
; N/A                                     ; 314.17 MHz ( period = 3.183 ns )                    ; CNT27B:comb_3|sout[1]  ; CNT27B:comb_3|sout[14] ; clk1       ; clk1     ; None                        ; None                      ; 2.924 ns                ;
; N/A                                     ; 315.96 MHz ( period = 3.165 ns )                    ; CNT27B:comb_3|sout[6]  ; CNT27B:comb_3|sout[20] ; clk1       ; clk1     ; None                        ; None                      ; 2.906 ns                ;
; N/A                                     ; 317.06 MHz ( period = 3.154 ns )                    ; CNT27B:comb_3|sout[13] ; CNT27B:comb_3|sout[26] ; clk1       ; clk1     ; None                        ; None                      ; 2.895 ns                ;
; N/A                                     ; 318.98 MHz ( period = 3.135 ns )                    ; CNT27B:comb_3|sout[5]  ; CNT27B:comb_3|sout[18] ; clk1       ; clk1     ; None                        ; None                      ; 2.876 ns                ;
; N/A                                     ; 319.08 MHz ( period = 3.134 ns )                    ; CNT27B:comb_3|sout[11] ; CNT27B:comb_3|sout[24] ; clk1       ; clk1     ; None                        ; None                      ; 2.875 ns                ;
; N/A                                     ; 319.08 MHz ( period = 3.134 ns )                    ; CNT27B:comb_3|sout[12] ; CNT27B:comb_3|sout[25] ; clk1       ; clk1     ; None                        ; None                      ; 2.875 ns                ;
; N/A                                     ; 319.59 MHz ( period = 3.129 ns )                    ; CNT27B:comb_3|sout[9]  ; CNT27B:comb_3|sout[22] ; clk1       ; clk1     ; None                        ; None                      ; 2.870 ns                ;
; N/A                                     ; 319.59 MHz ( period = 3.129 ns )                    ; CNT27B:comb_3|sout[2]  ; CNT27B:comb_3|sout[15] ; clk1       ; clk1     ; None                        ; None                      ; 2.870 ns                ;
; N/A                                     ; 320.31 MHz ( period = 3.122 ns )                    ; CNT27B:comb_3|sout[0]  ; CNT27B:comb_3|sout[14] ; clk1       ; clk1     ; None                        ; None                      ; 2.863 ns                ;
; N/A                                     ; 321.44 MHz ( period = 3.111 ns )                    ; CNT27B:comb_3|sout[7]  ; CNT27B:comb_3|sout[21] ; clk1       ; clk1     ; None                        ; None                      ; 2.852 ns                ;
; N/A                                     ; 322.79 MHz ( period = 3.098 ns )                    ; CNT27B:comb_3|sout[10] ; CNT27B:comb_3|sout[22] ; clk1       ; clk1     ; None                        ; None                      ; 2.839 ns                ;
; N/A                                     ; 322.79 MHz ( period = 3.098 ns )                    ; CNT27B:comb_3|sout[4]  ; CNT27B:comb_3|sout[16] ; clk1       ; clk1     ; None                        ; None                      ; 2.839 ns                ;
; N/A                                     ; 322.79 MHz ( period = 3.098 ns )                    ; CNT27B:comb_3|sout[3]  ; CNT27B:comb_3|sout[15] ; clk1       ; clk1     ; None                        ; None                      ; 2.839 ns                ;
; N/A                                     ; 324.78 MHz ( period = 3.079 ns )                    ; CNT27B:comb_3|sout[8]  ; CNT27B:comb_3|sout[21] ; clk1       ; clk1     ; None                        ; None                      ; 2.820 ns                ;
; N/A                                     ; 324.78 MHz ( period = 3.079 ns )                    ; CNT27B:comb_3|sout[6]  ; CNT27B:comb_3|sout[19] ; clk1       ; clk1     ; None                        ; None                      ; 2.820 ns                ;
; N/A                                     ; 325.95 MHz ( period = 3.068 ns )                    ; CNT27B:comb_3|sout[13] ; CNT27B:comb_3|sout[25] ; clk1       ; clk1     ; None                        ; None                      ; 2.809 ns                ;
; N/A                                     ; 327.98 MHz ( period = 3.049 ns )                    ; CNT27B:comb_3|sout[5]  ; CNT27B:comb_3|sout[17] ; clk1       ; clk1     ; None                        ; None                      ; 2.790 ns                ;
; N/A                                     ; 328.08 MHz ( period = 3.048 ns )                    ; CNT27B:comb_3|sout[11] ; CNT27B:comb_3|sout[23] ; clk1       ; clk1     ; None                        ; None                      ; 2.789 ns                ;
; N/A                                     ; 328.08 MHz ( period = 3.048 ns )                    ; CNT27B:comb_3|sout[12] ; CNT27B:comb_3|sout[24] ; clk1       ; clk1     ; None                        ; None                      ; 2.789 ns                ;
; N/A                                     ; 328.62 MHz ( period = 3.043 ns )                    ; CNT27B:comb_3|sout[2]  ; CNT27B:comb_3|sout[14] ; clk1       ; clk1     ; None                        ; None                      ; 2.784 ns                ;
; N/A                                     ; 330.58 MHz ( period = 3.025 ns )                    ; CNT27B:comb_3|sout[7]  ; CNT27B:comb_3|sout[20] ; clk1       ; clk1     ; None                        ; None                      ; 2.766 ns                ;
; N/A                                     ; 331.90 MHz ( period = 3.013 ns )                    ; CNT27B:comb_3|sout[1]  ; CNT27B:comb_3|sout[13] ; clk1       ; clk1     ; None                        ; None                      ; 2.749 ns                ;
; N/A                                     ; 332.01 MHz ( period = 3.012 ns )                    ; CNT27B:comb_3|sout[4]  ; CNT27B:comb_3|sout[15] ; clk1       ; clk1     ; None                        ; None                      ; 2.753 ns                ;
; N/A                                     ; 332.01 MHz ( period = 3.012 ns )                    ; CNT27B:comb_3|sout[3]  ; CNT27B:comb_3|sout[14] ; clk1       ; clk1     ; None                        ; None                      ; 2.753 ns                ;
; N/A                                     ; 334.11 MHz ( period = 2.993 ns )                    ; CNT27B:comb_3|sout[8]  ; CNT27B:comb_3|sout[20] ; clk1       ; clk1     ; None                        ; None                      ; 2.734 ns                ;
; N/A                                     ; 334.11 MHz ( period = 2.993 ns )                    ; CNT27B:comb_3|sout[6]  ; CNT27B:comb_3|sout[18] ; clk1       ; clk1     ; None                        ; None                      ; 2.734 ns                ;
; N/A                                     ; 335.35 MHz ( period = 2.982 ns )                    ; CNT27B:comb_3|sout[13] ; CNT27B:comb_3|sout[24] ; clk1       ; clk1     ; None                        ; None                      ; 2.723 ns                ;
; N/A                                     ; 337.50 MHz ( period = 2.963 ns )                    ; CNT27B:comb_3|sout[5]  ; CNT27B:comb_3|sout[16] ; clk1       ; clk1     ; None                        ; None                      ; 2.704 ns                ;
; N/A                                     ; 337.61 MHz ( period = 2.962 ns )                    ; CNT27B:comb_3|sout[12] ; CNT27B:comb_3|sout[23] ; clk1       ; clk1     ; None                        ; None                      ; 2.703 ns                ;
; N/A                                     ; 337.61 MHz ( period = 2.962 ns )                    ; CNT27B:comb_3|sout[11] ; CNT27B:comb_3|sout[22] ; clk1       ; clk1     ; None                        ; None                      ; 2.703 ns                ;
; N/A                                     ; 338.64 MHz ( period = 2.953 ns )                    ; CNT27B:comb_3|sout[14] ; CNT27B:comb_3|sout[26] ; clk1       ; clk1     ; None                        ; None                      ; 2.689 ns                ;
; N/A                                     ; 338.75 MHz ( period = 2.952 ns )                    ; CNT27B:comb_3|sout[0]  ; CNT27B:comb_3|sout[13] ; clk1       ; clk1     ; None                        ; None                      ; 2.688 ns                ;
; N/A                                     ; Restricted to 340.02 MHz ( period = 2.941 ns )      ; CNT27B:comb_3|sout[9]  ; CNT27B:comb_3|sout[21] ; clk1       ; clk1     ; None                        ; None                      ; 2.680 ns                ;
; N/A                                     ; Restricted to 340.02 MHz ( period = 2.941 ns )      ; CNT27B:comb_3|sout[7]  ; CNT27B:comb_3|sout[19] ; clk1       ; clk1     ; None                        ; None                      ; 2.680 ns                ;
; N/A                                     ; Restricted to 340.02 MHz ( period = 2.941 ns )      ; CNT27B:comb_3|sout[1]  ; CNT27B:comb_3|sout[12] ; clk1       ; clk1     ; None                        ; None                      ; 2.663 ns                ;
; N/A                                     ; Restricted to 340.02 MHz ( period = 2.941 ns )      ; CNT27B:comb_3|sout[4]  ; CNT27B:comb_3|sout[14] ; clk1       ; clk1     ; None                        ; None                      ; 2.667 ns                ;
; N/A                                     ; Restricted to 340.02 MHz ( period = 2.941 ns )      ; CNT27B:comb_3|sout[10] ; CNT27B:comb_3|sout[21] ; clk1       ; clk1     ; None                        ; None                      ; 2.649 ns                ;
; N/A                                     ; Restricted to 340.02 MHz ( period = 2.941 ns )      ; CNT27B:comb_3|sout[8]  ; CNT27B:comb_3|sout[19] ; clk1       ; clk1     ; None                        ; None                      ; 2.648 ns                ;
; N/A                                     ; Restricted to 340.02 MHz ( period = 2.941 ns )      ; CNT27B:comb_3|sout[6]  ; CNT27B:comb_3|sout[17] ; clk1       ; clk1     ; None                        ; None                      ; 2.648 ns                ;
; N/A                                     ; Restricted to 340.02 MHz ( period = 2.941 ns )      ; CNT27B:comb_3|sout[15] ; CNT27B:comb_3|sout[26] ; clk1       ; clk1     ; None                        ; None                      ; 2.640 ns                ;
; N/A                                     ; Restricted to 340.02 MHz ( period = 2.941 ns )      ; CNT27B:comb_3|sout[13] ; CNT27B:comb_3|sout[23] ; clk1       ; clk1     ; None                        ; None                      ; 2.637 ns                ;
; N/A                                     ; Restricted to 340.02 MHz ( period = 2.941 ns )      ; CNT27B:comb_3|sout[5]  ; CNT27B:comb_3|sout[15] ; clk1       ; clk1     ; None                        ; None                      ; 2.618 ns                ;
; N/A                                     ; Restricted to 340.02 MHz ( period = 2.941 ns )      ; CNT27B:comb_3|sout[12] ; CNT27B:comb_3|sout[22] ; clk1       ; clk1     ; None                        ; None                      ; 2.617 ns                ;
; N/A                                     ; Restricted to 340.02 MHz ( period = 2.941 ns )      ; CNT27B:comb_3|sout[2]  ; CNT27B:comb_3|sout[13] ; clk1       ; clk1     ; None                        ; None                      ; 2.609 ns                ;
; N/A                                     ; Restricted to 340.02 MHz ( period = 2.941 ns )      ; CNT27B:comb_3|sout[14] ; CNT27B:comb_3|sout[25] ; clk1       ; clk1     ; None                        ; None                      ; 2.603 ns                ;
; N/A                                     ; Restricted to 340.02 MHz ( period = 2.941 ns )      ; CNT27B:comb_3|sout[0]  ; CNT27B:comb_3|sout[12] ; clk1       ; clk1     ; None                        ; None                      ; 2.602 ns                ;
; N/A                                     ; Restricted to 340.02 MHz ( period = 2.941 ns )      ; CNT27B:comb_3|sout[9]  ; CNT27B:comb_3|sout[20] ; clk1       ; clk1     ; None                        ; None                      ; 2.594 ns                ;
; N/A                                     ; Restricted to 340.02 MHz ( period = 2.941 ns )      ; CNT27B:comb_3|sout[7]  ; CNT27B:comb_3|sout[18] ; clk1       ; clk1     ; None                        ; None                      ; 2.594 ns                ;
; N/A                                     ; Restricted to 340.02 MHz ( period = 2.941 ns )      ; CNT27B:comb_3|sout[3]  ; CNT27B:comb_3|sout[13] ; clk1       ; clk1     ; None                        ; None                      ; 2.578 ns                ;
; N/A                                     ; Restricted to 340.02 MHz ( period = 2.941 ns )      ; CNT27B:comb_3|sout[1]  ; CNT27B:comb_3|sout[11] ; clk1       ; clk1     ; None                        ; None                      ; 2.577 ns                ;
; N/A                                     ; Restricted to 340.02 MHz ( period = 2.941 ns )      ; CNT27B:comb_3|sout[10] ; CNT27B:comb_3|sout[20] ; clk1       ; clk1     ; None                        ; None                      ; 2.563 ns                ;
; N/A                                     ; Restricted to 340.02 MHz ( period = 2.941 ns )      ; CNT27B:comb_3|sout[8]  ; CNT27B:comb_3|sout[18] ; clk1       ; clk1     ; None                        ; None                      ; 2.562 ns                ;
; N/A                                     ; Restricted to 340.02 MHz ( period = 2.941 ns )      ; CNT27B:comb_3|sout[6]  ; CNT27B:comb_3|sout[16] ; clk1       ; clk1     ; None                        ; None                      ; 2.562 ns                ;
; N/A                                     ; Restricted to 340.02 MHz ( period = 2.941 ns )      ; CNT27B:comb_3|sout[15] ; CNT27B:comb_3|sout[25] ; clk1       ; clk1     ; None                        ; None                      ; 2.554 ns                ;
; N/A                                     ; Restricted to 340.02 MHz ( period = 2.941 ns )      ; CNT27B:comb_3|sout[13] ; CNT27B:comb_3|sout[22] ; clk1       ; clk1     ; None                        ; None                      ; 2.551 ns                ;
; N/A                                     ; Restricted to 340.02 MHz ( period = 2.941 ns )      ; CNT27B:comb_3|sout[5]  ; CNT27B:comb_3|sout[14] ; clk1       ; clk1     ; None                        ; None                      ; 2.532 ns                ;
; N/A                                     ; Restricted to 340.02 MHz ( period = 2.941 ns )      ; CNT27B:comb_3|sout[16] ; CNT27B:comb_3|sout[26] ; clk1       ; clk1     ; None                        ; None                      ; 2.527 ns                ;
; N/A                                     ; Restricted to 340.02 MHz ( period = 2.941 ns )      ; CNT27B:comb_3|sout[2]  ; CNT27B:comb_3|sout[12] ; clk1       ; clk1     ; None                        ; None                      ; 2.523 ns                ;
; N/A                                     ; Restricted to 340.02 MHz ( period = 2.941 ns )      ; CNT27B:comb_3|sout[14] ; CNT27B:comb_3|sout[24] ; clk1       ; clk1     ; None                        ; None                      ; 2.517 ns                ;
; N/A                                     ; Restricted to 340.02 MHz ( period = 2.941 ns )      ; CNT27B:comb_3|sout[0]  ; CNT27B:comb_3|sout[11] ; clk1       ; clk1     ; None                        ; None                      ; 2.516 ns                ;
; N/A                                     ; Restricted to 340.02 MHz ( period = 2.941 ns )      ; CNT27B:comb_3|sout[11] ; CNT27B:comb_3|sout[21] ; clk1       ; clk1     ; None                        ; None                      ; 2.513 ns                ;
; N/A                                     ; Restricted to 340.02 MHz ( period = 2.941 ns )      ; CNT27B:comb_3|sout[9]  ; CNT27B:comb_3|sout[19] ; clk1       ; clk1     ; None                        ; None                      ; 2.508 ns                ;
; N/A                                     ; Restricted to 340.02 MHz ( period = 2.941 ns )      ; CNT27B:comb_3|sout[7]  ; CNT27B:comb_3|sout[17] ; clk1       ; clk1     ; None                        ; None                      ; 2.508 ns                ;
; N/A                                     ; Restricted to 340.02 MHz ( period = 2.941 ns )      ; CNT27B:comb_3|sout[4]  ; CNT27B:comb_3|sout[13] ; clk1       ; clk1     ; None                        ; None                      ; 2.492 ns                ;
; N/A                                     ; Restricted to 340.02 MHz ( period = 2.941 ns )      ; CNT27B:comb_3|sout[3]  ; CNT27B:comb_3|sout[12] ; clk1       ; clk1     ; None                        ; None                      ; 2.492 ns                ;
; N/A                                     ; Restricted to 340.02 MHz ( period = 2.941 ns )      ; CNT27B:comb_3|sout[1]  ; CNT27B:comb_3|sout[10] ; clk1       ; clk1     ; None                        ; None                      ; 2.491 ns                ;
; N/A                                     ; Restricted to 340.02 MHz ( period = 2.941 ns )      ; CNT27B:comb_3|sout[17] ; CNT27B:comb_3|sout[26] ; clk1       ; clk1     ; None                        ; None                      ; 2.491 ns                ;
; N/A                                     ; Restricted to 340.02 MHz ( period = 2.941 ns )      ; CNT27B:comb_3|sout[10] ; CNT27B:comb_3|sout[19] ; clk1       ; clk1     ; None                        ; None                      ; 2.477 ns                ;
; N/A                                     ; Restricted to 340.02 MHz ( period = 2.941 ns )      ; CNT27B:comb_3|sout[8]  ; CNT27B:comb_3|sout[17] ; clk1       ; clk1     ; None                        ; None                      ; 2.476 ns                ;
; N/A                                     ; Restricted to 340.02 MHz ( period = 2.941 ns )      ; CNT27B:comb_3|sout[6]  ; CNT27B:comb_3|sout[15] ; clk1       ; clk1     ; None                        ; None                      ; 2.476 ns                ;
; N/A                                     ; Restricted to 340.02 MHz ( period = 2.941 ns )      ; CNT27B:comb_3|sout[15] ; CNT27B:comb_3|sout[24] ; clk1       ; clk1     ; None                        ; None                      ; 2.468 ns                ;
; N/A                                     ; Restricted to 340.02 MHz ( period = 2.941 ns )      ; CNT27B:comb_3|sout[16] ; CNT27B:comb_3|sout[25] ; clk1       ; clk1     ; None                        ; None                      ; 2.441 ns                ;
; N/A                                     ; Restricted to 340.02 MHz ( period = 2.941 ns )      ; CNT27B:comb_3|sout[2]  ; CNT27B:comb_3|sout[11] ; clk1       ; clk1     ; None                        ; None                      ; 2.437 ns                ;
; N/A                                     ; Restricted to 340.02 MHz ( period = 2.941 ns )      ; CNT27B:comb_3|sout[14] ; CNT27B:comb_3|sout[23] ; clk1       ; clk1     ; None                        ; None                      ; 2.431 ns                ;
; N/A                                     ; Restricted to 340.02 MHz ( period = 2.941 ns )      ; CNT27B:comb_3|sout[0]  ; CNT27B:comb_3|sout[10] ; clk1       ; clk1     ; None                        ; None                      ; 2.430 ns                ;
; N/A                                     ; Restricted to 340.02 MHz ( period = 2.941 ns )      ; CNT27B:comb_3|sout[12] ; CNT27B:comb_3|sout[21] ; clk1       ; clk1     ; None                        ; None                      ; 2.427 ns                ;
; N/A                                     ; Restricted to 340.02 MHz ( period = 2.941 ns )      ; CNT27B:comb_3|sout[11] ; CNT27B:comb_3|sout[20] ; clk1       ; clk1     ; None                        ; None                      ; 2.427 ns                ;
; N/A                                     ; Restricted to 340.02 MHz ( period = 2.941 ns )      ; CNT27B:comb_3|sout[9]  ; CNT27B:comb_3|sout[18] ; clk1       ; clk1     ; None                        ; None                      ; 2.422 ns                ;
; N/A                                     ; Restricted to 340.02 MHz ( period = 2.941 ns )      ; CNT27B:comb_3|sout[7]  ; CNT27B:comb_3|sout[16] ; clk1       ; clk1     ; None                        ; None                      ; 2.422 ns                ;
; N/A                                     ; Restricted to 340.02 MHz ( period = 2.941 ns )      ; CNT27B:comb_3|sout[4]  ; CNT27B:comb_3|sout[12] ; clk1       ; clk1     ; None                        ; None                      ; 2.406 ns                ;
; N/A                                     ; Restricted to 340.02 MHz ( period = 2.941 ns )      ; CNT27B:comb_3|sout[3]  ; CNT27B:comb_3|sout[11] ; clk1       ; clk1     ; None                        ; None                      ; 2.406 ns                ;
; N/A                                     ; Restricted to 340.02 MHz ( period = 2.941 ns )      ; CNT27B:comb_3|sout[1]  ; CNT27B:comb_3|sout[9]  ; clk1       ; clk1     ; None                        ; None                      ; 2.405 ns                ;
; N/A                                     ; Restricted to 340.02 MHz ( period = 2.941 ns )      ; CNT27B:comb_3|sout[17] ; CNT27B:comb_3|sout[25] ; clk1       ; clk1     ; None                        ; None                      ; 2.405 ns                ;
; N/A                                     ; Restricted to 340.02 MHz ( period = 2.941 ns )      ; CNT27B:comb_3|sout[10] ; CNT27B:comb_3|sout[18] ; clk1       ; clk1     ; None                        ; None                      ; 2.391 ns                ;
; N/A                                     ; Restricted to 340.02 MHz ( period = 2.941 ns )      ; CNT27B:comb_3|sout[8]  ; CNT27B:comb_3|sout[16] ; clk1       ; clk1     ; None                        ; None                      ; 2.390 ns                ;
; N/A                                     ; Restricted to 340.02 MHz ( period = 2.941 ns )      ; CNT27B:comb_3|sout[6]  ; CNT27B:comb_3|sout[14] ; clk1       ; clk1     ; None                        ; None                      ; 2.390 ns                ;
; N/A                                     ; Restricted to 340.02 MHz ( period = 2.941 ns )      ; CNT27B:comb_3|sout[15] ; CNT27B:comb_3|sout[23] ; clk1       ; clk1     ; None                        ; None                      ; 2.382 ns                ;
; N/A                                     ; Restricted to 340.02 MHz ( period = 2.941 ns )      ; CNT27B:comb_3|sout[5]  ; CNT27B:comb_3|sout[13] ; clk1       ; clk1     ; None                        ; None                      ; 2.357 ns                ;
; N/A                                     ; Restricted to 340.02 MHz ( period = 2.941 ns )      ; CNT27B:comb_3|sout[13] ; CNT27B:comb_3|sout[21] ; clk1       ; clk1     ; None                        ; None                      ; 2.361 ns                ;
; N/A                                     ; Restricted to 340.02 MHz ( period = 2.941 ns )      ; CNT27B:comb_3|sout[18] ; CNT27B:comb_3|sout[26] ; clk1       ; clk1     ; None                        ; None                      ; 2.356 ns                ;
; N/A                                     ; Restricted to 340.02 MHz ( period = 2.941 ns )      ; CNT27B:comb_3|sout[16] ; CNT27B:comb_3|sout[24] ; clk1       ; clk1     ; None                        ; None                      ; 2.355 ns                ;
; N/A                                     ; Restricted to 340.02 MHz ( period = 2.941 ns )      ; CNT27B:comb_3|sout[2]  ; CNT27B:comb_3|sout[10] ; clk1       ; clk1     ; None                        ; None                      ; 2.351 ns                ;
; N/A                                     ; Restricted to 340.02 MHz ( period = 2.941 ns )      ; CNT27B:comb_3|sout[14] ; CNT27B:comb_3|sout[22] ; clk1       ; clk1     ; None                        ; None                      ; 2.345 ns                ;
; N/A                                     ; Restricted to 340.02 MHz ( period = 2.941 ns )      ; CNT27B:comb_3|sout[0]  ; CNT27B:comb_3|sout[9]  ; clk1       ; clk1     ; None                        ; None                      ; 2.344 ns                ;
; N/A                                     ; Restricted to 340.02 MHz ( period = 2.941 ns )      ; CNT27B:comb_3|sout[12] ; CNT27B:comb_3|sout[20] ; clk1       ; clk1     ; None                        ; None                      ; 2.341 ns                ;
; N/A                                     ; Restricted to 340.02 MHz ( period = 2.941 ns )      ; CNT27B:comb_3|sout[11] ; CNT27B:comb_3|sout[19] ; clk1       ; clk1     ; None                        ; None                      ; 2.341 ns                ;
; N/A                                     ; Restricted to 340.02 MHz ( period = 2.941 ns )      ; CNT27B:comb_3|sout[9]  ; CNT27B:comb_3|sout[17] ; clk1       ; clk1     ; None                        ; None                      ; 2.336 ns                ;
; N/A                                     ; Restricted to 340.02 MHz ( period = 2.941 ns )      ; CNT27B:comb_3|sout[7]  ; CNT27B:comb_3|sout[15] ; clk1       ; clk1     ; None                        ; None                      ; 2.336 ns                ;
; N/A                                     ; Restricted to 340.02 MHz ( period = 2.941 ns )      ; CNT27B:comb_3|sout[4]  ; CNT27B:comb_3|sout[11] ; clk1       ; clk1     ; None                        ; None                      ; 2.320 ns                ;
; N/A                                     ; Restricted to 340.02 MHz ( period = 2.941 ns )      ; CNT27B:comb_3|sout[3]  ; CNT27B:comb_3|sout[10] ; clk1       ; clk1     ; None                        ; None                      ; 2.320 ns                ;
; N/A                                     ; Restricted to 340.02 MHz ( period = 2.941 ns )      ; CNT27B:comb_3|sout[19] ; CNT27B:comb_3|sout[26] ; clk1       ; clk1     ; None                        ; None                      ; 2.320 ns                ;
; N/A                                     ; Restricted to 340.02 MHz ( period = 2.941 ns )      ; CNT27B:comb_3|sout[1]  ; CNT27B:comb_3|sout[8]  ; clk1       ; clk1     ; None                        ; None                      ; 2.319 ns                ;
; N/A                                     ; Restricted to 340.02 MHz ( period = 2.941 ns )      ; CNT27B:comb_3|sout[17] ; CNT27B:comb_3|sout[24] ; clk1       ; clk1     ; None                        ; None                      ; 2.319 ns                ;
; N/A                                     ; Restricted to 340.02 MHz ( period = 2.941 ns )      ; CNT27B:comb_3|sout[10] ; CNT27B:comb_3|sout[17] ; clk1       ; clk1     ; None                        ; None                      ; 2.305 ns                ;
; N/A                                     ; Restricted to 340.02 MHz ( period = 2.941 ns )      ; CNT27B:comb_3|sout[8]  ; CNT27B:comb_3|sout[15] ; clk1       ; clk1     ; None                        ; None                      ; 2.304 ns                ;
; N/A                                     ; Restricted to 340.02 MHz ( period = 2.941 ns )      ; CNT27B:comb_3|sout[15] ; CNT27B:comb_3|sout[22] ; clk1       ; clk1     ; None                        ; None                      ; 2.296 ns                ;
; N/A                                     ; Restricted to 340.02 MHz ( period = 2.941 ns )      ; CNT27B:comb_3|sout[5]  ; CNT27B:comb_3|sout[12] ; clk1       ; clk1     ; None                        ; None                      ; 2.271 ns                ;
; N/A                                     ; Restricted to 340.02 MHz ( period = 2.941 ns )      ; CNT27B:comb_3|sout[13] ; CNT27B:comb_3|sout[20] ; clk1       ; clk1     ; None                        ; None                      ; 2.275 ns                ;
; N/A                                     ; Restricted to 340.02 MHz ( period = 2.941 ns )      ; CNT27B:comb_3|sout[18] ; CNT27B:comb_3|sout[25] ; clk1       ; clk1     ; None                        ; None                      ; 2.270 ns                ;
; Timing analysis restricted to 200 rows. ; To change the limit use Settings (Assignments menu) ;                        ;                        ;            ;          ;                             ;                           ;                         ;
+-----------------------------------------+-----------------------------------------------------+------------------------+------------------------+------------+----------+-----------------------------+---------------------------+-------------------------+


+------------------------------------------------------------------------------+
; tsu                                                                          ;
+-------+--------------+------------+------+------------------------+----------+
; Slack ; Required tsu ; Actual tsu ; From ; To                     ; To Clock ;
+-------+--------------+------------+------+------------------------+----------+
; N/A   ; None         ; 4.937 ns   ; ena  ; CNT27B:comb_3|sout[13] ; clk1     ;
; N/A   ; None         ; 4.937 ns   ; ena  ; CNT27B:comb_3|sout[12] ; clk1     ;
; N/A   ; None         ; 4.937 ns   ; ena  ; CNT27B:comb_3|sout[11] ; clk1     ;
; N/A   ; None         ; 4.937 ns   ; ena  ; CNT27B:comb_3|sout[10] ; clk1     ;
; N/A   ; None         ; 4.937 ns   ; ena  ; CNT27B:comb_3|sout[9]  ; clk1     ;
; N/A   ; None         ; 4.937 ns   ; ena  ; CNT27B:comb_3|sout[8]  ; clk1     ;
; N/A   ; None         ; 4.937 ns   ; ena  ; CNT27B:comb_3|sout[7]  ; clk1     ;
; N/A   ; None         ; 4.937 ns   ; ena  ; CNT27B:comb_3|sout[6]  ; clk1     ;
; N/A   ; None         ; 4.937 ns   ; ena  ; CNT27B:comb_3|sout[5]  ; clk1     ;
; N/A   ; None         ; 4.937 ns   ; ena  ; CNT27B:comb_3|sout[4]  ; clk1     ;
; N/A   ; None         ; 4.937 ns   ; ena  ; CNT27B:comb_3|sout[3]  ; clk1     ;
; N/A   ; None         ; 4.937 ns   ; ena  ; CNT27B:comb_3|sout[2]  ; clk1     ;
; N/A   ; None         ; 4.937 ns   ; ena  ; CNT27B:comb_3|sout[1]  ; clk1     ;
; N/A   ; None         ; 4.508 ns   ; ena  ; CNT27B:comb_3|sout[23] ; clk1     ;
; N/A   ; None         ; 4.508 ns   ; ena  ; CNT27B:comb_3|sout[22] ; clk1     ;
; N/A   ; None         ; 4.508 ns   ; ena  ; CNT27B:comb_3|sout[21] ; clk1     ;
; N/A   ; None         ; 4.508 ns   ; ena  ; CNT27B:comb_3|sout[20] ; clk1     ;
; N/A   ; None         ; 4.508 ns   ; ena  ; CNT27B:comb_3|sout[19] ; clk1     ;
; N/A   ; None         ; 4.508 ns   ; ena  ; CNT27B:comb_3|sout[18] ; clk1     ;
; N/A   ; None         ; 4.508 ns   ; ena  ; CNT27B:comb_3|sout[17] ; clk1     ;
; N/A   ; None         ; 4.508 ns   ; ena  ; CNT27B:comb_3|sout[16] ; clk1     ;
; N/A   ; None         ; 4.508 ns   ; ena  ; CNT27B:comb_3|sout[15] ; clk1     ;
; N/A   ; None         ; 4.508 ns   ; ena  ; CNT27B:comb_3|sout[14] ; clk1     ;
; N/A   ; None         ; 4.508 ns   ; ena  ; CNT27B:comb_3|sout[24] ; clk1     ;
; N/A   ; None         ; 4.508 ns   ; ena  ; CNT27B:comb_3|sout[25] ; clk1     ;
; N/A   ; None         ; 4.508 ns   ; ena  ; CNT27B:comb_3|sout[26] ; clk1     ;
; N/A   ; None         ; 4.439 ns   ; ena  ; CNT27B:comb_3|sout[0]  ; clk1     ;
+-------+--------------+------------+------+------------------------+----------+


+-----------------------------------------------------------------------------------+
; tco                                                                               ;
+-------+--------------+------------+------------------------+---------+------------+
; Slack ; Required tco ; Actual tco ; From                   ; To      ; From Clock ;
+-------+--------------+------------+------------------------+---------+------------+
; N/A   ; None         ; 11.166 ns  ; CNT27B:comb_3|sout[24] ; LED7[3] ; clk1       ;
; N/A   ; None         ; 11.112 ns  ; CNT27B:comb_3|sout[25] ; LED7[3] ; clk1       ;
; N/A   ; None         ; 10.870 ns  ; CNT27B:comb_3|sout[26] ; LED7[3] ; clk1       ;
; N/A   ; None         ; 10.740 ns  ; CNT27B:comb_3|sout[24] ; LED7[4] ; clk1       ;
; N/A   ; None         ; 10.733 ns  ; CNT27B:comb_3|sout[25] ; LED7[4] ; clk1       ;
; N/A   ; None         ; 10.701 ns  ; CNT27B:comb_3|sout[23] ; LED7[3] ; clk1       ;
; N/A   ; None         ; 10.489 ns  ; CNT27B:comb_3|sout[26] ; LED7[4] ; clk1       ;
; N/A   ; None         ; 10.404 ns  ; CNT27B:comb_3|sout[24] ; LED7[6] ; clk1       ;
; N/A   ; None         ; 10.367 ns  ; CNT27B:comb_3|sout[24] ; LED7[5] ; clk1       ;
; N/A   ; None         ; 10.359 ns  ; CNT27B:comb_3|sout[25] ; LED7[6] ; clk1       ;
; N/A   ; None         ; 10.320 ns  ; CNT27B:comb_3|sout[23] ; LED7[4] ; clk1       ;
; N/A   ; None         ; 10.281 ns  ; CNT27B:comb_3|sout[25] ; LED7[5] ; clk1       ;
; N/A   ; None         ; 10.155 ns  ; CNT27B:comb_3|sout[26] ; LED7[2] ; clk1       ;
; N/A   ; None         ; 10.149 ns  ; CNT27B:comb_3|sout[26] ; LED7[0] ; clk1       ;
; N/A   ; None         ; 10.127 ns  ; CNT27B:comb_3|sout[25] ; LED7[0] ; clk1       ;
; N/A   ; None         ; 10.107 ns  ; CNT27B:comb_3|sout[25] ; LED7[2] ; clk1       ;
; N/A   ; None         ; 10.104 ns  ; CNT27B:comb_3|sout[26] ; LED7[6] ; clk1       ;
; N/A   ; None         ; 10.100 ns  ; CNT27B:comb_3|sout[26] ; LED7[1] ; clk1       ;
; N/A   ; None         ; 10.076 ns  ; CNT27B:comb_3|sout[26] ; LED7[5] ; clk1       ;
; N/A   ; None         ; 10.052 ns  ; CNT27B:comb_3|sout[25] ; LED7[1] ; clk1       ;
; N/A   ; None         ; 9.939 ns   ; CNT27B:comb_3|sout[23] ; LED7[6] ; clk1       ;
; N/A   ; None         ; 9.907 ns   ; CNT27B:comb_3|sout[23] ; LED7[5] ; clk1       ;
; N/A   ; None         ; 9.883 ns   ; CNT27B:comb_3|sout[24] ; LED7[0] ; clk1       ;
; N/A   ; None         ; 9.854 ns   ; CNT27B:comb_3|sout[24] ; LED7[2] ; clk1       ;
; N/A   ; None         ; 9.799 ns   ; CNT27B:comb_3|sout[24] ; LED7[1] ; clk1       ;
; N/A   ; None         ; 9.710 ns   ; CNT27B:comb_3|sout[23] ; LED7[0] ; clk1       ;
; N/A   ; None         ; 9.681 ns   ; CNT27B:comb_3|sout[23] ; LED7[2] ; clk1       ;
; N/A   ; None         ; 9.626 ns   ; CNT27B:comb_3|sout[23] ; LED7[1] ; clk1       ;
+-------+--------------+------------+------------------------+---------+------------+


+------------------------------------------------------------------------------------+
; th                                                                                 ;
+---------------+-------------+-----------+------+------------------------+----------+
; Minimum Slack ; Required th ; Actual th ; From ; To                     ; To Clock ;
+---------------+-------------+-----------+------+------------------------+----------+
; N/A           ; None        ; -4.173 ns ; ena  ; CNT27B:comb_3|sout[0]  ; clk1     ;
; N/A           ; None        ; -4.242 ns ; ena  ; CNT27B:comb_3|sout[23] ; clk1     ;
; N/A           ; None        ; -4.242 ns ; ena  ; CNT27B:comb_3|sout[22] ; clk1     ;
; N/A           ; None        ; -4.242 ns ; ena  ; CNT27B:comb_3|sout[21] ; clk1     ;
; N/A           ; None        ; -4.242 ns ; ena  ; CNT27B:comb_3|sout[20] ; clk1     ;
; N/A           ; None        ; -4.242 ns ; ena  ; CNT27B:comb_3|sout[19] ; clk1     ;
; N/A           ; None        ; -4.242 ns ; ena  ; CNT27B:comb_3|sout[18] ; clk1     ;
; N/A           ; None        ; -4.242 ns ; ena  ; CNT27B:comb_3|sout[17] ; clk1     ;
; N/A           ; None        ; -4.242 ns ; ena  ; CNT27B:comb_3|sout[16] ; clk1     ;
; N/A           ; None        ; -4.242 ns ; ena  ; CNT27B:comb_3|sout[15] ; clk1     ;
; N/A           ; None        ; -4.242 ns ; ena  ; CNT27B:comb_3|sout[14] ; clk1     ;
; N/A           ; None        ; -4.242 ns ; ena  ; CNT27B:comb_3|sout[24] ; clk1     ;
; N/A           ; None        ; -4.242 ns ; ena  ; CNT27B:comb_3|sout[25] ; clk1     ;
; N/A           ; None        ; -4.242 ns ; ena  ; CNT27B:comb_3|sout[26] ; clk1     ;
; N/A           ; None        ; -4.671 ns ; ena  ; CNT27B:comb_3|sout[13] ; clk1     ;
; N/A           ; None        ; -4.671 ns ; ena  ; CNT27B:comb_3|sout[12] ; clk1     ;
; N/A           ; None        ; -4.671 ns ; ena  ; CNT27B:comb_3|sout[11] ; clk1     ;
; N/A           ; None        ; -4.671 ns ; ena  ; CNT27B:comb_3|sout[10] ; clk1     ;
; N/A           ; None        ; -4.671 ns ; ena  ; CNT27B:comb_3|sout[9]  ; clk1     ;
; N/A           ; None        ; -4.671 ns ; ena  ; CNT27B:comb_3|sout[8]  ; clk1     ;
; N/A           ; None        ; -4.671 ns ; ena  ; CNT27B:comb_3|sout[7]  ; clk1     ;
; N/A           ; None        ; -4.671 ns ; ena  ; CNT27B:comb_3|sout[6]  ; clk1     ;
; N/A           ; None        ; -4.671 ns ; ena  ; CNT27B:comb_3|sout[5]  ; clk1     ;
; N/A           ; None        ; -4.671 ns ; ena  ; CNT27B:comb_3|sout[4]  ; clk1     ;
; N/A           ; None        ; -4.671 ns ; ena  ; CNT27B:comb_3|sout[3]  ; clk1     ;
; N/A           ; None        ; -4.671 ns ; ena  ; CNT27B:comb_3|sout[2]  ; clk1     ;
; N/A           ; None        ; -4.671 ns ; ena  ; CNT27B:comb_3|sout[1]  ; clk1     ;
+---------------+-------------+-----------+------+------------------------+----------+


+--------------------------+
; Timing Analyzer Messages ;
+--------------------------+
Info: *******************************************************************
Info: Running Quartus II 64-Bit Classic Timing Analyzer
    Info: Version 9.1 Build 350 03/24/2010 Service Pack 2 SJ Full Version
    Info: Processing started: Thu Jan 18 09:16:24 2018
Info: Command: quartus_tan --read_settings_files=off --write_settings_files=off lihua -c lihua --timing_analysis_only
Info: Parallel compilation is enabled and will use 2 of the 2 processors detected
Warning: Found pins functioning as undefined clocks and/or memory enables
    Info: Assuming node "clk1" is an undefined clock
Info: Clock "clk1" has Internal fmax of 231.54 MHz between source register "CNT27B:comb_3|sout[1]" and destination register "CNT27B:comb_3|sout[26]" (period= 4.319 ns)
    Info: + Longest register to register delay is 4.060 ns
        Info: 1: + IC(0.000 ns) + CELL(0.000 ns) = 0.000 ns; Loc. = LCFF_X32_Y6_N7; Fanout = 2; REG Node = 'CNT27B:comb_3|sout[1]'
        Info: 2: + IC(0.464 ns) + CELL(0.621 ns) = 1.085 ns; Loc. = LCCOMB_X32_Y6_N6; Fanout = 2; COMB Node = 'CNT27B:comb_3|sout[1]~27'
        Info: 3: + IC(0.000 ns) + CELL(0.086 ns) = 1.171 ns; Loc. = LCCOMB_X32_Y6_N8; Fanout = 2; COMB Node = 'CNT27B:comb_3|sout[2]~29'
        Info: 4: + IC(0.000 ns) + CELL(0.086 ns) = 1.257 ns; Loc. = LCCOMB_X32_Y6_N10; Fanout = 2; COMB Node = 'CNT27B:comb_3|sout[3]~31'
        Info: 5: + IC(0.000 ns) + CELL(0.086 ns) = 1.343 ns; Loc. = LCCOMB_X32_Y6_N12; Fanout = 2; COMB Node = 'CNT27B:comb_3|sout[4]~33'
        Info: 6: + IC(0.000 ns) + CELL(0.190 ns) = 1.533 ns; Loc. = LCCOMB_X32_Y6_N14; Fanout = 2; COMB Node = 'CNT27B:comb_3|sout[5]~35'
        Info: 7: + IC(0.000 ns) + CELL(0.086 ns) = 1.619 ns; Loc. = LCCOMB_X32_Y6_N16; Fanout = 2; COMB Node = 'CNT27B:comb_3|sout[6]~37'
        Info: 8: + IC(0.000 ns) + CELL(0.086 ns) = 1.705 ns; Loc. = LCCOMB_X32_Y6_N18; Fanout = 2; COMB Node = 'CNT27B:comb_3|sout[7]~39'
        Info: 9: + IC(0.000 ns) + CELL(0.086 ns) = 1.791 ns; Loc. = LCCOMB_X32_Y6_N20; Fanout = 2; COMB Node = 'CNT27B:comb_3|sout[8]~41'
        Info: 10: + IC(0.000 ns) + CELL(0.086 ns) = 1.877 ns; Loc. = LCCOMB_X32_Y6_N22; Fanout = 2; COMB Node = 'CNT27B:comb_3|sout[9]~43'
        Info: 11: + IC(0.000 ns) + CELL(0.086 ns) = 1.963 ns; Loc. = LCCOMB_X32_Y6_N24; Fanout = 2; COMB Node = 'CNT27B:comb_3|sout[10]~45'
        Info: 12: + IC(0.000 ns) + CELL(0.086 ns) = 2.049 ns; Loc. = LCCOMB_X32_Y6_N26; Fanout = 2; COMB Node = 'CNT27B:comb_3|sout[11]~47'
        Info: 13: + IC(0.000 ns) + CELL(0.086 ns) = 2.135 ns; Loc. = LCCOMB_X32_Y6_N28; Fanout = 2; COMB Node = 'CNT27B:comb_3|sout[12]~49'
        Info: 14: + IC(0.000 ns) + CELL(0.175 ns) = 2.310 ns; Loc. = LCCOMB_X32_Y6_N30; Fanout = 2; COMB Node = 'CNT27B:comb_3|sout[13]~51'
        Info: 15: + IC(0.000 ns) + CELL(0.086 ns) = 2.396 ns; Loc. = LCCOMB_X32_Y5_N0; Fanout = 2; COMB Node = 'CNT27B:comb_3|sout[14]~53'
        Info: 16: + IC(0.000 ns) + CELL(0.086 ns) = 2.482 ns; Loc. = LCCOMB_X32_Y5_N2; Fanout = 2; COMB Node = 'CNT27B:comb_3|sout[15]~55'
        Info: 17: + IC(0.000 ns) + CELL(0.086 ns) = 2.568 ns; Loc. = LCCOMB_X32_Y5_N4; Fanout = 2; COMB Node = 'CNT27B:comb_3|sout[16]~57'
        Info: 18: + IC(0.000 ns) + CELL(0.086 ns) = 2.654 ns; Loc. = LCCOMB_X32_Y5_N6; Fanout = 2; COMB Node = 'CNT27B:comb_3|sout[17]~59'
        Info: 19: + IC(0.000 ns) + CELL(0.086 ns) = 2.740 ns; Loc. = LCCOMB_X32_Y5_N8; Fanout = 2; COMB Node = 'CNT27B:comb_3|sout[18]~61'
        Info: 20: + IC(0.000 ns) + CELL(0.086 ns) = 2.826 ns; Loc. = LCCOMB_X32_Y5_N10; Fanout = 2; COMB Node = 'CNT27B:comb_3|sout[19]~63'
        Info: 21: + IC(0.000 ns) + CELL(0.086 ns) = 2.912 ns; Loc. = LCCOMB_X32_Y5_N12; Fanout = 2; COMB Node = 'CNT27B:comb_3|sout[20]~65'
        Info: 22: + IC(0.000 ns) + CELL(0.190 ns) = 3.102 ns; Loc. = LCCOMB_X32_Y5_N14; Fanout = 2; COMB Node = 'CNT27B:comb_3|sout[21]~67'
        Info: 23: + IC(0.000 ns) + CELL(0.086 ns) = 3.188 ns; Loc. = LCCOMB_X32_Y5_N16; Fanout = 2; COMB Node = 'CNT27B:comb_3|sout[22]~69'
        Info: 24: + IC(0.000 ns) + CELL(0.086 ns) = 3.274 ns; Loc. = LCCOMB_X32_Y5_N18; Fanout = 2; COMB Node = 'CNT27B:comb_3|sout[23]~71'
        Info: 25: + IC(0.000 ns) + CELL(0.086 ns) = 3.360 ns; Loc. = LCCOMB_X32_Y5_N20; Fanout = 2; COMB Node = 'CNT27B:comb_3|sout[24]~73'
        Info: 26: + IC(0.000 ns) + CELL(0.086 ns) = 3.446 ns; Loc. = LCCOMB_X32_Y5_N22; Fanout = 1; COMB Node = 'CNT27B:comb_3|sout[25]~75'
        Info: 27: + IC(0.000 ns) + CELL(0.506 ns) = 3.952 ns; Loc. = LCCOMB_X32_Y5_N24; Fanout = 1; COMB Node = 'CNT27B:comb_3|sout[26]~76'
        Info: 28: + IC(0.000 ns) + CELL(0.108 ns) = 4.060 ns; Loc. = LCFF_X32_Y5_N25; Fanout = 8; REG Node = 'CNT27B:comb_3|sout[26]'
        Info: Total cell delay = 3.596 ns ( 88.57 % )
        Info: Total interconnect delay = 0.464 ns ( 11.43 % )
    Info: - Smallest clock skew is 0.005 ns
        Info: + Shortest clock path from clock "clk1" to destination register is 2.867 ns
            Info: 1: + IC(0.000 ns) + CELL(1.140 ns) = 1.140 ns; Loc. = PIN_23; Fanout = 1; CLK Node = 'clk1'
            Info: 2: + IC(0.139 ns) + CELL(0.000 ns) = 1.279 ns; Loc. = CLKCTRL_G2; Fanout = 27; COMB Node = 'clk1~clkctrl'
            Info: 3: + IC(0.922 ns) + CELL(0.666 ns) = 2.867 ns; Loc. = LCFF_X32_Y5_N25; Fanout = 8; REG Node = 'CNT27B:comb_3|sout[26]'
            Info: Total cell delay = 1.806 ns ( 62.99 % )
            Info: Total interconnect delay = 1.061 ns ( 37.01 % )
        Info: - Longest clock path from clock "clk1" to source register is 2.862 ns
            Info: 1: + IC(0.000 ns) + CELL(1.140 ns) = 1.140 ns; Loc. = PIN_23; Fanout = 1; CLK Node = 'clk1'
            Info: 2: + IC(0.139 ns) + CELL(0.000 ns) = 1.279 ns; Loc. = CLKCTRL_G2; Fanout = 27; COMB Node = 'clk1~clkctrl'
            Info: 3: + IC(0.917 ns) + CELL(0.666 ns) = 2.862 ns; Loc. = LCFF_X32_Y6_N7; Fanout = 2; REG Node = 'CNT27B:comb_3|sout[1]'
            Info: Total cell delay = 1.806 ns ( 63.10 % )
            Info: Total interconnect delay = 1.056 ns ( 36.90 % )
    Info: + Micro clock to output delay of source is 0.304 ns
    Info: + Micro setup delay of destination is -0.040 ns
Info: tsu for register "CNT27B:comb_3|sout[13]" (data pin = "ena", clock pin = "clk1") is 4.937 ns
    Info: + Longest pin to register delay is 7.839 ns
        Info: 1: + IC(0.000 ns) + CELL(0.995 ns) = 0.995 ns; Loc. = PIN_114; Fanout = 27; PIN Node = 'ena'
        Info: 2: + IC(5.989 ns) + CELL(0.855 ns) = 7.839 ns; Loc. = LCFF_X32_Y6_N31; Fanout = 2; REG Node = 'CNT27B:comb_3|sout[13]'
        Info: Total cell delay = 1.850 ns ( 23.60 % )
        Info: Total interconnect delay = 5.989 ns ( 76.40 % )
    Info: + Micro setup delay of destination is -0.040 ns
    Info: - Shortest clock path from clock "clk1" to destination register is 2.862 ns
        Info: 1: + IC(0.000 ns) + CELL(1.140 ns) = 1.140 ns; Loc. = PIN_23; Fanout = 1; CLK Node = 'clk1'
        Info: 2: + IC(0.139 ns) + CELL(0.000 ns) = 1.279 ns; Loc. = CLKCTRL_G2; Fanout = 27; COMB Node = 'clk1~clkctrl'
        Info: 3: + IC(0.917 ns) + CELL(0.666 ns) = 2.862 ns; Loc. = LCFF_X32_Y6_N31; Fanout = 2; REG Node = 'CNT27B:comb_3|sout[13]'
        Info: Total cell delay = 1.806 ns ( 63.10 % )
        Info: Total interconnect delay = 1.056 ns ( 36.90 % )
Info: tco from clock "clk1" to destination pin "LED7[3]" through register "CNT27B:comb_3|sout[24]" is 11.166 ns
    Info: + Longest clock path from clock "clk1" to source register is 2.867 ns
        Info: 1: + IC(0.000 ns) + CELL(1.140 ns) = 1.140 ns; Loc. = PIN_23; Fanout = 1; CLK Node = 'clk1'
        Info: 2: + IC(0.139 ns) + CELL(0.000 ns) = 1.279 ns; Loc. = CLKCTRL_G2; Fanout = 27; COMB Node = 'clk1~clkctrl'
        Info: 3: + IC(0.922 ns) + CELL(0.666 ns) = 2.867 ns; Loc. = LCFF_X32_Y5_N21; Fanout = 9; REG Node = 'CNT27B:comb_3|sout[24]'
        Info: Total cell delay = 1.806 ns ( 62.99 % )
        Info: Total interconnect delay = 1.061 ns ( 37.01 % )
    Info: + Micro clock to output delay of source is 0.304 ns
    Info: + Longest register to pin delay is 7.995 ns
        Info: 1: + IC(0.000 ns) + CELL(0.000 ns) = 0.000 ns; Loc. = LCFF_X32_Y5_N21; Fanout = 9; REG Node = 'CNT27B:comb_3|sout[24]'
        Info: 2: + IC(1.136 ns) + CELL(0.651 ns) = 1.787 ns; Loc. = LCCOMB_X30_Y5_N8; Fanout = 1; COMB Node = 'tube:comb_4|WideOr3~0'
        Info: 3: + IC(2.952 ns) + CELL(3.256 ns) = 7.995 ns; Loc. = PIN_175; Fanout = 0; PIN Node = 'LED7[3]'
        Info: Total cell delay = 3.907 ns ( 48.87 % )
        Info: Total interconnect delay = 4.088 ns ( 51.13 % )
Info: th for register "CNT27B:comb_3|sout[0]" (data pin = "ena", clock pin = "clk1") is -4.173 ns
    Info: + Longest clock path from clock "clk1" to destination register is 2.862 ns
        Info: 1: + IC(0.000 ns) + CELL(1.140 ns) = 1.140 ns; Loc. = PIN_23; Fanout = 1; CLK Node = 'clk1'
        Info: 2: + IC(0.139 ns) + CELL(0.000 ns) = 1.279 ns; Loc. = CLKCTRL_G2; Fanout = 27; COMB Node = 'clk1~clkctrl'
        Info: 3: + IC(0.917 ns) + CELL(0.666 ns) = 2.862 ns; Loc. = LCFF_X32_Y6_N1; Fanout = 3; REG Node = 'CNT27B:comb_3|sout[0]'
        Info: Total cell delay = 1.806 ns ( 63.10 % )
        Info: Total interconnect delay = 1.056 ns ( 36.90 % )
    Info: + Micro hold delay of destination is 0.306 ns
    Info: - Shortest pin to register delay is 7.341 ns
        Info: 1: + IC(0.000 ns) + CELL(0.995 ns) = 0.995 ns; Loc. = PIN_114; Fanout = 27; PIN Node = 'ena'
        Info: 2: + IC(6.032 ns) + CELL(0.206 ns) = 7.233 ns; Loc. = LCCOMB_X32_Y6_N0; Fanout = 1; COMB Node = 'CNT27B:comb_3|sout[0]~78'
        Info: 3: + IC(0.000 ns) + CELL(0.108 ns) = 7.341 ns; Loc. = LCFF_X32_Y6_N1; Fanout = 3; REG Node = 'CNT27B:comb_3|sout[0]'
        Info: Total cell delay = 1.309 ns ( 17.83 % )
        Info: Total interconnect delay = 6.032 ns ( 82.17 % )
Info: Quartus II 64-Bit Classic Timing Analyzer was successful. 0 errors, 1 warning
    Info: Peak virtual memory: 211 megabytes
    Info: Processing ended: Thu Jan 18 09:16:25 2018
    Info: Elapsed time: 00:00:01
    Info: Total CPU time (on all processors): 00:00:00


