C51 COMPILER V9.56.0.0   MAIN                                                              06/13/2017 20:07:56 PAGE 1   


C51 COMPILER V9.56.0.0, COMPILATION OF MODULE MAIN
OBJECT MODULE PLACED IN ..\Output\main.obj
COMPILER INVOKED BY: D:\Program Files\AT89C51\C51\BIN\C51.EXE ..\User\main.c OPTIMIZE(8,SPEED) BROWSE INCDIR(..\User) DE
                    -BUG OBJECTEXTEND PRINT(..\Listing\main.lst) TABS(2) OBJECT(..\Output\main.obj)

line level    source

   1          #include <reg51.h>
   2          
   3          #define u32 unsigned int 
   4          #define u8 unsigned char 
   5          #define FLIKER_ON 0
   6          #define FLIKER_OFF 1
   7          void delay_ms(u32 ms);
   8          u8 loction,b;
   9          u8 flag = FLIKER_OFF;
  10          void main()
  11          {
  12   1        while(1)
  13   1        {
  14   2          P0 = 0;
  15   2          
  16   2          delay_ms(100);
  17   2          
  18   2          P0 = 255;
  19   2          
  20   2          delay_ms(100);
  21   2        } 
  22   1        
  23   1        
  24   1        
  25   1      }
  26          
  27          //void delay(b)   
  28          //{ 
  29          //    u8 a; 
  30          //    for(;b>0;b--) 
  31          //        for(a=1000;a>0;a--); 
  32          //} 
  33          
  34          
  35          
  36          
  37          
  38          void delay_ms(u32 ms)
  39          {
  40   1        u32 temp;
  41   1        
  42   1        for( ; ms > 0; ms--)
  43   1        {
  44   2          for(temp = 1000; temp > 0; temp--);
  45   2        }
  46   1      }


MODULE INFORMATION:   STATIC OVERLAYABLE
   CODE SIZE        =     51    ----
   CONSTANT SIZE    =   ----    ----
   XDATA SIZE       =   ----    ----
   PDATA SIZE       =   ----    ----
   DATA SIZE        =      3    ----
C51 COMPILER V9.56.0.0   MAIN                                                              06/13/2017 20:07:56 PAGE 2   

   IDATA SIZE       =   ----    ----
   BIT SIZE         =   ----    ----
END OF MODULE INFORMATION.


C51 COMPILATION COMPLETE.  0 WARNING(S),  0 ERROR(S)
