C51 COMPILER V9.56.0.0   MAIN                                                              03/11/2018 15:42:01 PAGE 1   


C51 COMPILER V9.56.0.0, COMPILATION OF MODULE MAIN
OBJECT MODULE PLACED IN ..\Output\main.obj
COMPILER INVOKED BY: D:\Program Files\AT89C51\C51\BIN\C51.EXE ..\User\main.c OPTIMIZE(8,SPEED) BROWSE INCDIR(..\User) DE
                    -BUG OBJECTEXTEND PRINT(..\Listing\main.lst) TABS(8) OBJECT(..\Output\main.obj)

line level    source

   1          #include <reg52.h>
   2          //宏定义
   3          #define uint unsigned int
   4          #define uchar unsigned char
   5          
   6          //时间计算
   7          #define Imax 14000    //此处为晶振为11.0592时的取值, 
   8          #define Imin 8000    //如用其它频率的晶振时,
   9          #define Inum1 1450    //要改变相应的取值。
  10          #define Inum2 700 
  11          #define Inum3 3000 
  12          //解码变量
  13          unsigned char Im[4]={0x00,0x00,0x00,0x00};
  14          
  15          //全局变量
  16          uchar f;
  17          unsigned long m,Tc;
  18          unsigned char IrOK;
  19          
  20          
  21          //主函数
  22          void main()
  23          {
  24   1              P2=0xff;
  25   1              
  26   1              EA=1;//开启总中断
  27   1               
  28   1              IT1=1;//下降沿有效
  29   1              EX1=1;//外部中断1开
  30   1               
  31   1              TMOD=0x11;//定时器初始化  
  32   1              TH0=0;//T0赋初值
  33   1              TL0=0;
  34   1              TR0=0;//t0开始计时
  35   1              while(1)
  36   1              {
  37   2                      if(IrOK==1) 
  38   2                      {
  39   3                              //1键
  40   3                              if(Im[2]==0x0c)
  41   3                              {
  42   4                                 P2=0xfc;
  43   4                              }
  44   3                              //2键
  45   3                              else if(Im[2]==0x18)
  46   3                              {
  47   4                                 P2=0xa2;
  48   4                              }
  49   3                              //3键
  50   3                              else if(Im[2]==0x5e)
  51   3                              {
  52   4                                 P2=0xb0;
  53   4                              }
  54   3                              //4
C51 COMPILER V9.56.0.0   MAIN                                                              03/11/2018 15:42:01 PAGE 2   

  55   3                              else if(Im[2]==0x08)
  56   3                              {
  57   4                                 P2=0x9c;
  58   4                              }
  59   3                              //5
  60   3                              else if(Im[2]==0x1c)
  61   3                              {
  62   4                                 P2=0x91;
  63   4                              }
  64   3                              //6
  65   3                              else if(Im[2]==0x5a)
  66   3                              {
  67   4                                 P2=0x81;
  68   4                              }
  69   3                              //7键
  70   3                              else if(Im[2]==0x42)
  71   3                              {
  72   4                                 P2=0xf8;
  73   4                              }
  74   3                              //8
  75   3                              else if(Im[2]==0x52)
  76   3                              {
  77   4                                 P2=0x80;
  78   4                              }
  79   3                              //9
  80   3                              else if(Im[2]==0x4a)
  81   3                              {
  82   4                                 P2=0x90;
  83   4                              }
  84   3                              //0
  85   3                              else if(Im[2]==0x16)
  86   3                              {
  87   4                                 P2=0xc0;
  88   4                              }
  89   3                              //关机
  90   3                              else if(Im[2]==0x45)
  91   3                              {
  92   4                                 P2=0xff;
  93   4                              }
  94   3                         IrOK=0;          
  95   3                      }
  96   2              }
  97   1      }
  98          
  99          //外部中断解码程序_外部中断1using 1
 100          void intersvr1(void) interrupt 2 
 101          {
 102   1              TR0=1;
 103   1              Tc=TH0*256+TL0;//提取中断时间间隔时长
 104   1              TH0=0; 
 105   1              TL0=0;         //定时中断重新置零
 106   1              if((Tc>Imin)&&(Tc<Imax))
 107   1              { 
 108   2              m=0;
 109   2              f=1;
 110   2              return;
 111   2      }       //找到启始码
 112   1      if(f==1)
 113   1      {
 114   2          if(Tc>Inum1&&Tc<Inum3) 
 115   2          {
 116   3                 Im[m/8]=Im[m/8]>>1|0x80; m++; 
C51 COMPILER V9.56.0.0   MAIN                                                              03/11/2018 15:42:01 PAGE 3   

 117   3          }
 118   2          if(Tc>Inum2&&Tc<Inum1) 
 119   2          {
 120   3            Im[m/8]=Im[m/8]>>1; m++; //取码
 121   3                 }
 122   2                 if(m==32) 
 123   2          {
 124   3            m=0;  
 125   3            f=0;
 126   3            if(Im[2]==~Im[3]) 
 127   3            {
 128   4                 IrOK=1;
 129   4                                TR0=0; 
 130   4                 }
 131   3            else IrOK=0;   //取码完成后判断读码是否正确
 132   3          }
 133   2                     //准备读下一码
 134   2      }
 135   1      }


MODULE INFORMATION:   STATIC OVERLAYABLE
   CODE SIZE        =    504    ----
   CONSTANT SIZE    =   ----    ----
   XDATA SIZE       =   ----    ----
   PDATA SIZE       =   ----    ----
   DATA SIZE        =     14    ----
   IDATA SIZE       =   ----    ----
   BIT SIZE         =   ----    ----
END OF MODULE INFORMATION.


C51 COMPILATION COMPLETE.  0 WARNING(S),  0 ERROR(S)
