C51 COMPILER V9.56.0.0   BSP_KEY                                                           12/20/2016 16:10:16 PAGE 1   


C51 COMPILER V9.56.0.0, COMPILATION OF MODULE BSP_KEY
OBJECT MODULE PLACED IN ..\Output\bsp_key.obj
COMPILER INVOKED BY: D:\program Files\C51\BIN\C51.EXE ..\User\bsp_key.c OPTIMIZE(8,SPEED) BROWSE INCDIR(..\User) DEBUG O
                    -BJECTEXTEND PRINT(..\Listing\bsp_key.lst) TABS(8) OBJECT(..\Output\bsp_key.obj)

line level    source

   1          #include "bsp_key.h" 
   2          #include "bsp_delay.h" 
   3          
   4          sbit K2 = P3^4;
   5          sbit K3 = P3^5;
   6          sbit K4 = P3^6;
   7          
   8          extern u8 location;
   9          extern u8 flag;
  10          
  11          void key_scan()
  12          {
  13   1              
  14   1              if(0 == K4)
  15   1              {
  16   2                      // 按键消抖
  17   2                      delay_ms(1);
  18   2                      if(0 == K4)
  19   2                      {
  20   3                              if(0x80 != location)
  21   3                              {
  22   4                                      location = location << 1;
  23   4                              }
  24   3                      }
  25   2                      
  26   2                      // 松手检测
  27   2      //              while(0 == K4);
  28   2                      
  29   2              }
  30   1              
  31   1              if(0 == K3)
  32   1              {
  33   2                      // 按键消抖
  34   2                      delay_ms(1);
  35   2                      if(0 == K3)
  36   2                      {
  37   3                              flag = !flag;
  38   3                      }
  39   2                      
  40   2                      // 松手检测
  41   2      //              while(0 == K3);
  42   2                      
  43   2              }
  44   1      
  45   1              if(0 == K2)
  46   1              {
  47   2                      delay_ms(1);
  48   2                      if(0 == K2)
  49   2                      {
  50   3                              if(0x01 != location)
  51   3                              {
  52   4                                      location = location >> 1;
  53   4                              }
  54   3                      }
C51 COMPILER V9.56.0.0   BSP_KEY                                                           12/20/2016 16:10:16 PAGE 2   

  55   2                      
  56   2                      // 松手检测
  57   2      //              while(0 == K2);
  58   2              }
  59   1      }


MODULE INFORMATION:   STATIC OVERLAYABLE
   CODE SIZE        =     70    ----
   CONSTANT SIZE    =   ----    ----
   XDATA SIZE       =   ----    ----
   PDATA SIZE       =   ----    ----
   DATA SIZE        =   ----    ----
   IDATA SIZE       =   ----    ----
   BIT SIZE         =   ----    ----
END OF MODULE INFORMATION.


C51 COMPILATION COMPLETE.  0 WARNING(S),  0 ERROR(S)
