C51 COMPILER V9.56.0.0   MAIN                                                              12/20/2016 16:10:11 PAGE 1   


C51 COMPILER V9.56.0.0, COMPILATION OF MODULE MAIN
OBJECT MODULE PLACED IN ..\Output\main.obj
COMPILER INVOKED BY: D:\program Files\C51\BIN\C51.EXE ..\User\main.c OPTIMIZE(8,SPEED) BROWSE INCDIR(..\User) DEBUG OBJE
                    -CTEXTEND PRINT(..\Listing\main.lst) TABS(8) OBJECT(..\Output\main.obj)

line level    source

   1          #include <reg51.h>
   2          #include "bsp_delay.h"
   3          #include "bsp_key.h"
   4          
   5          
   6          #define u32 unsigned int 
   7          #define u8 unsigned char 
   8                  
   9          // MVC Model View Control
  10                  
  11          sbit S2 = P3^4;
  12          sbit S3 = P3^5;
  13          sbit S4 = P3^6;
  14          
  15          #define FLIKER_ON 1
  16          #define FLIKER_OFF 0
  17                  
  18          u8 location = 0x01;
  19          u8 flag = FLIKER_OFF;
  20          
  21          
  22          void main()
  23          {
  24   1              IT0=1;
  25   1              IT1=1;
  26   1              EA=1;
  27   1              EX0=1;
  28   1              P1 = 0xfe;
  29   1              while(1)
  30   1              {
  31   2                      P1 = ~location;
  32   2                      delay_ms(50);
  33   2                      if(FLIKER_ON == flag)
  34   2                      {
  35   3                              P1 = 0xff;
  36   3                              delay_ms(50);
  37   3                      }
  38   2              }
  39   1      }
  40          
  41          
  42          
  43          void exter0() interrupt 0
  44          {
  45   1              key_scan();
  46   1      }
  47          


MODULE INFORMATION:   STATIC OVERLAYABLE
   CODE SIZE        =     95    ----
   CONSTANT SIZE    =   ----    ----
   XDATA SIZE       =   ----    ----
   PDATA SIZE       =   ----    ----
C51 COMPILER V9.56.0.0   MAIN                                                              12/20/2016 16:10:11 PAGE 2   

   DATA SIZE        =      2    ----
   IDATA SIZE       =   ----    ----
   BIT SIZE         =   ----    ----
END OF MODULE INFORMATION.


C51 COMPILATION COMPLETE.  0 WARNING(S),  0 ERROR(S)
