C51 COMPILER V9.56.0.0   MAIN                                                              03/12/2018 16:55:39 PAGE 1   


C51 COMPILER V9.56.0.0, COMPILATION OF MODULE MAIN
OBJECT MODULE PLACED IN ..\Output\main.obj
COMPILER INVOKED BY: D:\Program Files\AT89C51\C51\BIN\C51.EXE ..\User\main.c OPTIMIZE(8,SPEED) BROWSE INCDIR(..\User) DE
                    -BUG OBJECTEXTEND PRINT(..\Listing\main.lst) TABS(8) OBJECT(..\Output\main.obj)

line level    source

   1          #include "reg52.h"      //此文件中定义了单片机的一些特殊功能寄存器
   2          
   3          sbit IRIN=P3^2;
   4          
   5          u8 IrValue[6];
   6          u8 Time,state=0;
   7          
   8          sbit LEDL =P0^0;
   9          sbit LED = P2^4;
  10          sbit RGBR = P2^6;
  11          sbit RGBL = P2^5;
  12          
  13          void delay(u16 i)
  14          {
  15   1              while(i--);     
  16   1      }
  17          
  18          void IrInit()
  19          {
  20   1              IT0=1;//下降沿触发
  21   1              EX0=1;//打开中断0允许
  22   1              EA=1; //打开总中断
  23   1              
  24   1              IRIN=1;//初始化端口
  25   1      }
  26          
  27          
  28          void main()
  29          { 
  30   1              IrInit();
  31   1              LEDL=1;
  32   1              LED=1;
  33   1              RGBR=1;
  34   1              RGBL=1;
  35   1              while(1)
  36   1              { 
  37   2                      state = IrValue[2];
  38   2                      if(state==0x45)
  39   2                      {
  40   3                              LED=1;
  41   3                      }
  42   2                      else if(state==0x44)
  43   2                      {
  44   3                              LED=0;
  45   3                      }
  46   2                      else if(state==0x46)
  47   2                      {
  48   3                              RGBL=0;
  49   3                      }
  50   2                      else if(state==0x40)
  51   2                      {
  52   3                              
  53   3                              RGBL=1;
  54   3                      }
C51 COMPILER V9.56.0.0   MAIN                                                              03/12/2018 16:55:39 PAGE 2   

  55   2                      else if(state==0x47)
  56   2                      {
  57   3                              RGBR=0;
  58   3                      }
  59   2                      else if(state==0x43)
  60   2                      {
  61   3                              RGBR=1;
  62   3                      }
  63   2              }       
  64   1      }
  65          
  66          
  67          void ReadIr() interrupt 0
  68          {
  69   1              u8 j,k;
  70   1              u16 err;
  71   1              Time=0; 
  72   1              delay(700); //7ms
  73   1              if(IRIN==0) //确认是否真的接收到正确的信号
  74   1              { 
  75   2                      
  76   2                      err=1000; //1000*10us=10ms,超过说明接收到错误的信号
  77   2                      /*当两个条件都为真是循环，如果有一个条件为假的时候跳出循环，免得程序出错的时
  78   2                      侯，程序死在这里*/ 
  79   2                      while((IRIN==0)&&(err>0)) //等待前面9ms的低电平过去 
  80   2                      { 
  81   3                              delay(1);
  82   3                              err--;
  83   3                      } 
  84   2                      if(IRIN==1) //如果正确等到9ms低电平
  85   2                      {
  86   3                              err=500;
  87   3                              while((IRIN==1)&&(err>0)) //等待4.5ms的起始高电平过去
  88   3                              {
  89   4                                      delay(1);
  90   4                                      err--;
  91   4                              }
  92   3                              for(k=0;k<4;k++) //共有4组数据
  93   3                              { 
  94   4                                      for(j=0;j<8;j++) //接收一组数据
  95   4                                      {
  96   5      
  97   5                                              err=60; 
  98   5                                              while((IRIN==0)&&(err>0))//等待信号前面的560us低电平过去
  99   5                                              {
 100   6                                                      delay(1);
 101   6                                                      err--;
 102   6                                              }
 103   5                                              err=500;
 104   5                                              while((IRIN==1)&&(err>0)) //计算高电平的时间长度。
 105   5                                              {
 106   6                                                      delay(10); //0.1ms
 107   6                                                      Time++;
 108   6                                                      err--;
 109   6                                                      if(Time>30)
 110   6                                                      {
 111   7                                                              return;
 112   7                                                      }
 113   6                                              }
 114   5                                              IrValue[k]>>=1;  //k表示第几组数据
 115   5                                              if(Time>=8) //如果高电平出现大于565us，那么是1
 116   5                                              {
C51 COMPILER V9.56.0.0   MAIN                                                              03/12/2018 16:55:39 PAGE 3   

 117   6                                                      IrValue[k]|=0x80;
 118   6                                              }
 119   5                                              Time=0; //用完时间要重新赋值 
 120   5                                      }
 121   4                              }
 122   3                      }
 123   2                      if(IrValue[2]!=~IrValue[3])
 124   2                      {
 125   3                              return;
 126   3                      }
 127   2              } 
 128   1      }
 129          


MODULE INFORMATION:   STATIC OVERLAYABLE
   CODE SIZE        =    321    ----
   CONSTANT SIZE    =   ----    ----
   XDATA SIZE       =   ----    ----
   PDATA SIZE       =   ----    ----
   DATA SIZE        =      8       1
   IDATA SIZE       =   ----    ----
   BIT SIZE         =   ----    ----
END OF MODULE INFORMATION.


C51 COMPILATION COMPLETE.  0 WARNING(S),  0 ERROR(S)
