C51 COMPILER V9.56.0.0   BSP_KEY                                                           04/13/2017 12:42:20 PAGE 1   


C51 COMPILER V9.56.0.0, COMPILATION OF MODULE BSP_KEY
OBJECT MODULE PLACED IN ..\Output\bsp_key.obj
COMPILER INVOKED BY: D:\Program files\AT89C51\C51\BIN\C51.EXE ..\User\bsp_key.c OPTIMIZE(8,SPEED) BROWSE INCDIR(..\User)
                    - DEBUG OBJECTEXTEND PRINT(..\Listing\bsp_key.lst) TABS(6) OBJECT(..\Output\bsp_key.obj)

line level    source

   1          #include "bsp_key.h" 
   2          #include "bsp_delay.h" 
   3          
   4          extern unsigned char num;
   5          extern unsigned char wei;
   6          
   7                sbit s2 = P3^4;
   8                sbit s3 = P3^5;
   9                sbit s4 = P3^6;
  10                sbit s5 = P3^7;
  11          
  12          void key_scan()
  13          {
  14   1            if(0 == s3)
  15   1            {
  16   2                  // 按键消抖
  17   2                  delay_ms(1);
  18   2                  if(0 == s3)
  19   2                  {
  20   3                        if(num < 9)
  21   3                              num = num+1;
  22   3                  }
  23   2                  
  24   2                  // 松手检测
  25   2                  while(0 == s3);
  26   2                  
  27   2            }
  28   1      
  29   1            if(0 == s2)
  30   1            {
  31   2                  delay_ms(1);
  32   2                  if(0 == s2)
  33   2                  {
  34   3                        if(0 != num)
  35   3                        {
  36   4                              num=num-1;
  37   4                        }
  38   3                  }
  39   2                  
  40   2                  // 松手检测
  41   2                  while(0 == s2);
  42   2            }
  43   1            if(0 == s4)
  44   1            {
  45   2                  delay_ms(1);
  46   2                  if(0 == s4)
  47   2                  {
  48   3                        if(1 != wei)
  49   3                        {
  50   4                              wei=wei-1;
  51   4                        }
  52   3                  }
  53   2                  
  54   2                  // 松手检测
C51 COMPILER V9.56.0.0   BSP_KEY                                                           04/13/2017 12:42:20 PAGE 2   

  55   2                  while(0 == s4);
  56   2            }
  57   1            if(0 == s5)
  58   1            {
  59   2                  delay_ms(1);
  60   2                  if(0 == s5)
  61   2                  {
  62   3                        if(6!= wei)
  63   3                        {
  64   4                              wei=wei+1;
  65   4                        }
  66   3                  }
  67   2                  
  68   2                  // 松手检测
  69   2                  while(0 == s5);
  70   2            }
  71   1      }


MODULE INFORMATION:   STATIC OVERLAYABLE
   CODE SIZE        =     88    ----
   CONSTANT SIZE    =   ----    ----
   XDATA SIZE       =   ----    ----
   PDATA SIZE       =   ----    ----
   DATA SIZE        =   ----    ----
   IDATA SIZE       =   ----    ----
   BIT SIZE         =   ----    ----
END OF MODULE INFORMATION.


C51 COMPILATION COMPLETE.  0 WARNING(S),  0 ERROR(S)
