C51 COMPILER V9.56.0.0   BSP_DELAY                                                         09/21/2017 19:48:40 PAGE 1   


C51 COMPILER V9.56.0.0, COMPILATION OF MODULE BSP_DELAY
OBJECT MODULE PLACED IN ..\Output\bsp_delay.obj
COMPILER INVOKED BY: D:\Program Files\AT89C51\C51\BIN\C51.EXE ..\User\bsp_delay.c OPTIMIZE(8,SPEED) BROWSE INCDIR(..\Use
                    -r) DEBUG OBJECTEXTEND PRINT(..\Listing\bsp_delay.lst) TABS(8) OBJECT(..\Output\bsp_delay.obj)

line level    source

   1          #include "bsp_delay.h"
   2          
   3          /** 
   4           * @Description 通过软件延时实现的简单延时函数
   5           * @param t 参数并不代表具体的时间
   6           */
   7          void delay_ms(u32 t)
   8          {
   9   1              u32 i, j;
  10   1              for(i = t; i > 0; i--)
  11   1                      for(j = 100; j > 0; j--);
  12   1      }


MODULE INFORMATION:   STATIC OVERLAYABLE
   CODE SIZE        =    109    ----
   CONSTANT SIZE    =   ----    ----
   XDATA SIZE       =   ----    ----
   PDATA SIZE       =   ----    ----
   DATA SIZE        =   ----       8
   IDATA SIZE       =   ----    ----
   BIT SIZE         =   ----    ----
END OF MODULE INFORMATION.


C51 COMPILATION COMPLETE.  0 WARNING(S),  0 ERROR(S)
