C51 COMPILER V9.56.0.0   MAIN                                                              05/04/2018 17:20:39 PAGE 1   


C51 COMPILER V9.56.0.0, COMPILATION OF MODULE MAIN
OBJECT MODULE PLACED IN ..\Output\main.obj
COMPILER INVOKED BY: D:\Program Files\AT89C51\C51\BIN\C51.EXE ..\User\main.c OPTIMIZE(8,SPEED) BROWSE INCDIR(..\User) DE
                    -BUG OBJECTEXTEND PRINT(..\Listing\main.lst) TABS(8) OBJECT(..\Output\main.obj)

line level    source

   1          #include <reg52.h>
   2          #include "bsp_delay.h"       
   3          
   4          sbit Motor0 = P2^0;
   5          sbit Motor1 = P2^1;
   6          sbit Motor2 = P2^2;
   7          sbit Motor3 = P2^3;
   8          
   9          void main()
  10          {
  11   1              u8 i=0;
  12   1              P2=0x00;
  13   1              while(1)
  14   1              {
  15   2                      P2=0x01;
  16   2                      for(i=0;i<4;i++)
  17   2                      {
  18   3                              delay_ms(200);
  19   3                              P2<<=1;
  20   3                      }
  21   2              }
  22   1      
  23   1      }


MODULE INFORMATION:   STATIC OVERLAYABLE
   CODE SIZE        =     33    ----
   CONSTANT SIZE    =   ----    ----
   XDATA SIZE       =   ----    ----
   PDATA SIZE       =   ----    ----
   DATA SIZE        =   ----       1
   IDATA SIZE       =   ----    ----
   BIT SIZE         =   ----    ----
END OF MODULE INFORMATION.


C51 COMPILATION COMPLETE.  0 WARNING(S),  0 ERROR(S)
