C51 COMPILER V9.56.0.0   MAIN                                                              04/24/2018 13:07:08 PAGE 1   


C51 COMPILER V9.56.0.0, COMPILATION OF MODULE MAIN
OBJECT MODULE PLACED IN ..\Output\main.obj
COMPILER INVOKED BY: D:\Program Files\AT89C51\C51\BIN\C51.EXE ..\User\main.c OPTIMIZE(8,SPEED) BROWSE INCDIR(..\User) DE
                    -BUG OBJECTEXTEND PRINT(..\Listing\main.lst) TABS(8) OBJECT(..\Output\main.obj)

line level    source

   1          #include <reg52.h>
   2          #include "bsp_delay.h"
   3          
   4          void main()
   5          {
   6   1              IT0=1;//下降沿触发
   7   1              IT1=1;//下降沿触发
   8   1              IE = 0x85;
   9   1      //        PX0=0;
  10   1              PX1=1;
  11   1              
  12   1              while(1)
  13   1              {
  14   2                    P1=0x0f;  
  15   2              }
  16   1      }
  17          
  18          void TIM0_IRQHander() interrupt 0
  19          {
  20   1              P1=0xfe;
  21   1              delay(3000);
  22   1      }
  23          
  24          void TIM1_IRQHander() interrupt 2
  25          {
  26   1              P1=0xf0;
  27   1              delay(3000);
  28   1      }
  29          
  30          
  31          
  32          
  33          


MODULE INFORMATION:   STATIC OVERLAYABLE
   CODE SIZE        =    146    ----
   CONSTANT SIZE    =   ----    ----
   XDATA SIZE       =   ----    ----
   PDATA SIZE       =   ----    ----
   DATA SIZE        =   ----    ----
   IDATA SIZE       =   ----    ----
   BIT SIZE         =   ----    ----
END OF MODULE INFORMATION.


C51 COMPILATION COMPLETE.  0 WARNING(S),  0 ERROR(S)
