C51 COMPILER V9.56.0.0   MAIN                                                              06/01/2018 16:21:11 PAGE 1   


C51 COMPILER V9.56.0.0, COMPILATION OF MODULE MAIN
OBJECT MODULE PLACED IN ..\Output\main.obj
COMPILER INVOKED BY: D:\Program Files\AT89C51\C51\BIN\C51.EXE ..\User\main.c OPTIMIZE(8,SPEED) BROWSE INCDIR(..\User) DE
                    -BUG OBJECTEXTEND PRINT(..\Listing\main.lst) TABS(8) OBJECT(..\Output\main.obj)

line level    source

   1          /*
   2                             _ooOoo_
   3                            o8888888o
   4                            88" . "88
   5                            (| -_- |)
   6                            O\  =  /O
   7                         ____/`---'\____
   8                       .'  \\|     |//  `.
   9                      /  \\|||  :  |||//  \
  10                     /  _||||| -:- |||||-  \
  11                     |   | \\\  -  /// |   |
  12                     | \_|  ''\---/''  |   |
  13                     \  .-\__  `-`  ___/-. /
  14                   ___`. .'  /--.--\  `. . __
  15                ."" '<  `.___\_<|>_/___.'  >'"".
  16               | | :  `- \`.;`\ _ /`;.`/ - ` : | |
  17               \  \ `-.   \_ __\ /__ _/   .-` /  /
  18          ======`-.____`-.___\_____/___.-`____.-'======
  19                             `=---='
  20          ^^^^^^^^^^^^^^^^^^^^^^^^^^^^^^^^^^^^^^^^^^^^^
  21                   佛祖保佑       永无BUG
  22               佛曰:  
  23                   写字楼里写字间，写字间里程序员；  
  24                   程序人员写程序，又拿程序换酒钱。  
  25                   酒醒只在网上坐，酒醉还来网下眠；  
  26                   酒醉酒醒日复日，网上网下年复年。  
  27                   但愿老死电脑间，不愿鞠躬老板前；  
  28                   奔驰宝马贵者趣，公交自行程序员。  
  29                   别人笑我忒疯癫，我笑自己命太贱；  
  30                   不见满街漂亮妹，哪个归得程序员？
  31          */
  32          #include <reg52.h>
  33          #define XTAL_110592M  0
  34          #define u8  unsigned char
  35          #define u16 unsigned short
  36          #define u32 unsigned long
  37          
  38          u8 SegCode[10] = {0x3F, 0x06, 0x5B, 0x4F, 0x66, 0x6D, 0x7D, 0x07, 0x7F, 0x6F};  // 段选低电平有效
  39          
  40          u8 Num1[4]={4,7,2,3};//改成自己的学号
  41          u8 Num2[5]={'3','2','7','7','\n'};//改成自己的学号
  42          
  43          u8 receiveData;  //接收缓存
  44          u8 time =0;  //中断计数
  45          
  46          /* 函数的声明*/
  47          void delay( u16 t);
  48          
  49          void main()
  50          {
  51   1              u8 i=0;
  52   1              TMOD=0x21; //确定定时器方式
  53   1              PCON = 0x00;  //波特率不加倍为9600
  54   1              SCON = 0x50;  //工作在方式1
C51 COMPILER V9.56.0.0   MAIN                                                              06/01/2018 16:21:11 PAGE 2   

  55   1              
  56   1              #if XTAL_110592M
                              TH1=0xFD;       //赋初值
                              TL1=0xFD; 
                              TH0=0xA6;
                              TL0=0x00;
                      #else
  62   1                      TH1=0xFA;       //赋初值
  63   1                      TL1=0xFA;
  64   1                      TH0=0x4C;       //赋初值
  65   1                      TL0=0x00;
  66   1              #endif
  67   1              TI =0;
  68   1              RI =0;
  69   1              TR1=1;
  70   1              TR0=1;
  71   1              IE = 0x9A;
  72   1              while(1)
  73   1              {
  74   2                      if(receiveData=='1')
  75   2                      {
  76   3                              for(i=0;i<4;i++)
  77   3                              {
  78   4                                      P1&=0xf8; //1111 1000
  79   4                                      P1|=i;   //xxxx x001
  80   4                                      P2=SegCode[Num1[i]];
  81   4                                      delay(1);
  82   4                                      P2=0x00;//消隐
  83   4                              }
  84   3                      }
  85   2                      else
  86   2                      {
  87   3                              P2=0x00; 
  88   3                      }
  89   2              }
  90   1      }
  91          
  92          void delay( u16 t)
  93          {
  94   1              u16 i,j;
  95   1              for(i=0;i<t;i++)
  96   1                      for(j=0;j<1000;j++);
  97   1      }
  98          void TIM0_IRQHander(void) interrupt 1
  99          {
 100   1              u8 i=0;
 101   1              TR0=0;
 102   1              #if XTAL_110592M
                              TH0=0xA6;       //赋初值
              //                TL0=0x00;  
                      #else     
 106   1                      TH0=0x4C;       //赋初值
 107   1      //                TL0=0x00;
 108   1              #endif
 109   1              TR0=1;
 110   1              time++;
 111   1              if (time>=40)
 112   1              {
 113   2                      time=0;
 114   2                      for(i=0;i<5;i++)
 115   2                      {
 116   3                              SBUF=Num2[i];
C51 COMPILER V9.56.0.0   MAIN                                                              06/01/2018 16:21:11 PAGE 3   

 117   3                              while(!TI);                 // 等待发送完成
 118   3                              TI=0;                   // 清除发送标志
 119   3                      }
 120   2              }
 121   1      }
 122          void Usart() interrupt 4  //串口收发中断
 123          {
 124   1                  /*          接收中断        */
 125   1                  TI=0;
 126   1                  RI=0;           //置0，便于下一次的接收
 127   1                  receiveData = SBUF;//将接收到的数据保存在 receiveData 中
 128   1      }
 129          
 130          //_ooOoo_  
 131          //o8888888o  
 132          //88" . "88  
 133          //(| -_- |)  
 134          // O\ = /O  
 135          //___/`---'\____  
 136          //.   ' \\| |// `.  
 137          /// \\||| : |||//   
 138          /// _||||| -:- |||||-   
 139          //| | \\\ - /// | |  
 140          //| \_| ''\---/'' | |  
 141          //\ .-\__ `-` ___/-. /  
 142          //___`. .' /--.--\ `. . __  
 143          //."" '< `.___\_<|>_/___.' >'"".  
 144          //| | : `- \`.;`\ _ /`;.`/ - ` : | |  
 145          //\ \ `-. \_ __\ /__ _/ .-` / /  
 146          //======`-.____`-.___\_____/___.-`____.-'======  
 147          //`=---='  
 148          //  
 149          //         .............................................  
 150          //          佛曰：bug泛滥，我已瘫痪！ 
 151          


MODULE INFORMATION:   STATIC OVERLAYABLE
   CODE SIZE        =    183    ----
   CONSTANT SIZE    =   ----    ----
   XDATA SIZE       =   ----    ----
   PDATA SIZE       =   ----    ----
   DATA SIZE        =     21       1
   IDATA SIZE       =   ----    ----
   BIT SIZE         =   ----    ----
END OF MODULE INFORMATION.


C51 COMPILATION COMPLETE.  0 WARNING(S),  0 ERROR(S)
