C51 COMPILER V9.56.0.0   MAIN                                                              01/18/2017 21:47:45 PAGE 1   


C51 COMPILER V9.56.0.0, COMPILATION OF MODULE MAIN
OBJECT MODULE PLACED IN ..\Output\main.obj
COMPILER INVOKED BY: D:\program Files\At89c51\C51\BIN\C51.EXE ..\User\main.c OPTIMIZE(8,SPEED) BROWSE INCDIR(..\User) DE
                    -BUG OBJECTEXTEND PRINT(..\Listing\main.lst) TABS(2) OBJECT(..\Output\main.obj)

line level    source

   1          #include <reg51.h>
   2          #include "bsp_delay.h" 
   3          
   4          #define u32 unsigned int 
   5          #define u8 unsigned char 
   6          
   7          void key_scan();
   8          
   9          // MVC Model View Control
  10            
  11          sbit S2 = P3^4;
  12          sbit S3 = P3^5;
  13          sbit S4 = P3^6;
  14          
  15          #define FLIKER_ON 1
  16          #define FLIKER_OFF 0
  17            
  18          u8 location = 0x01;
  19          u8 flag = FLIKER_OFF;
  20          
  21          
  22          void main()
  23          {
  24   1      //  IT0=1;
  25   1      //  IT1=1;
  26   1      //  EA=1;
  27   1      //  EX0=1;
  28   1        P1 = 0xfe;
  29   1        while(1)
  30   1        {
  31   2      //    P1 = ~location;
  32   2        }
  33   1      }
  34          
  35          void key_scan()
  36          {
  37   1        
  38   1        if(0 == S4)
  39   1        {
  40   2          // 按键消抖
  41   2          delay_ms(1);
  42   2          if(0 == S4)
  43   2          {
  44   3            if(0x80 != location)
  45   3            {
  46   4              location = location << 1;
  47   4            }
  48   3          }
  49   2          
  50   2          // 松手检测
  51   2          while(0 == S4);
  52   2          
  53   2        }
  54   1        
C51 COMPILER V9.56.0.0   MAIN                                                              01/18/2017 21:47:45 PAGE 2   

  55   1        if(0 == S3)
  56   1        {
  57   2          // 按键消抖
  58   2          delay_ms(1);
  59   2          if(0 == S3)
  60   2          {
  61   3            flag = !flag;
  62   3          }
  63   2          
  64   2          // 松手检测
  65   2          while(0 == S3);
  66   2          
  67   2        }
  68   1      
  69   1        if(0 == S2)
  70   1        {
  71   2          delay_ms(1);
  72   2          if(0 == S2)
  73   2          {
  74   3            if(0x01 != location)
  75   3            {
  76   4              location = location >> 1;
  77   4            }
  78   3          }
  79   2          
  80   2          // 松手检测
  81   2          while(0 == S2);
  82   2        }
  83   1      }
  84          
  85          void exter0() interrupt 0
  86          {
  87   1        key_scan();
  88   1        delay_ms(50);
  89   1        if(FLIKER_ON == flag)
  90   1          {
  91   2            P1 = 0xff;
  92   2            delay_ms(50);
  93   2          }
  94   1      }
  95          


MODULE INFORMATION:   STATIC OVERLAYABLE
   CODE SIZE        =    161    ----
   CONSTANT SIZE    =   ----    ----
   XDATA SIZE       =   ----    ----
   PDATA SIZE       =   ----    ----
   DATA SIZE        =      2    ----
   IDATA SIZE       =   ----    ----
   BIT SIZE         =   ----    ----
END OF MODULE INFORMATION.


C51 COMPILATION COMPLETE.  0 WARNING(S),  0 ERROR(S)
