C51 COMPILER V9.56.0.0   BSP_DELAY                                                         09/22/2017 20:49:40 PAGE 1   


C51 COMPILER V9.56.0.0, COMPILATION OF MODULE BSP_DELAY
OBJECT MODULE PLACED IN ..\Output\bsp_delay.obj
COMPILER INVOKED BY: D:\Program Files\AT89C51\C51\BIN\C51.EXE ..\User\bsp_delay.c OPTIMIZE(8,SPEED) BROWSE INCDIR(..\Use
                    -r) DEBUG OBJECTEXTEND PRINT(..\Listing\bsp_delay.lst) TABS(8) OBJECT(..\Output\bsp_delay.obj)

line level    source

   1          #include "bsp_delay.h"
   2          
   3          
   4          void delay(unsigned int ms)
   5          {
   6   1              unsigned int  i;
   7   1              for (;ms>0;ms--)
   8   1              {
   9   2                      for(i=0;i<100;i++);
  10   2              }
  11   1      }
  12          
  13          


MODULE INFORMATION:   STATIC OVERLAYABLE
   CODE SIZE        =     31    ----
   CONSTANT SIZE    =   ----    ----
   XDATA SIZE       =   ----    ----
   PDATA SIZE       =   ----    ----
   DATA SIZE        =   ----    ----
   IDATA SIZE       =   ----    ----
   BIT SIZE         =   ----    ----
END OF MODULE INFORMATION.


C51 COMPILATION COMPLETE.  0 WARNING(S),  0 ERROR(S)
