C51 COMPILER V9.56.0.0   MAIN                                                              03/17/2017 21:57:14 PAGE 1   


C51 COMPILER V9.56.0.0, COMPILATION OF MODULE MAIN
OBJECT MODULE PLACED IN ..\Output\main.obj
COMPILER INVOKED BY: D:\Program files\AT89C51\C51\BIN\C51.EXE ..\User\main.c OPTIMIZE(8,SPEED) BROWSE INCDIR(..\User) DE
                    -BUG OBJECTEXTEND PRINT(..\Listing\main.lst) TABS(2) OBJECT(..\Output\main.obj)

line level    source

   1          #include <reg51.h>
   2          #include "bsp_delay.h" 
   3          
   4          #define u32 unsigned int 
   5          #define u8 unsigned char 
   6          // MVC Model View Control
   7            
   8          sbit S = P2^3;
   9          
  10          sbit a = P0^0;
  11          
  12          
  13          void main()
  14          {
  15   1      
  16   1        while(1)
  17   1        {
  18   2          S=0;
  19   2          delay_ms(100);
  20   2          S=1;
  21   2          delay_ms(100);
  22   2      
  23   2          
  24   2          a=0;
  25   2          delay_ms(100);
  26   2          a=1;
  27   2          delay_ms(100);
  28   2          
  29   2          
  30   2        }
  31   1      
  32   1      }
  33          
  34          


MODULE INFORMATION:   STATIC OVERLAYABLE
   CODE SIZE        =     30    ----
   CONSTANT SIZE    =   ----    ----
   XDATA SIZE       =   ----    ----
   PDATA SIZE       =   ----    ----
   DATA SIZE        =   ----    ----
   IDATA SIZE       =   ----    ----
   BIT SIZE         =   ----    ----
END OF MODULE INFORMATION.


C51 COMPILATION COMPLETE.  0 WARNING(S),  0 ERROR(S)
